#
# There is insufficient memory for the Java Runtime Environment to continue.
# Native memory allocation (malloc) failed to allocate 2090816 bytes for Chunk::new
# Possible reasons:
#   The system is out of physical RAM or swap space
#   In 32 bit mode, the process size limit was hit
# Possible solutions:
#   Reduce memory load on the system
#   Increase physical memory or swap space
#   Check if swap backing store is full
#   Use 64 bit Java on a 64 bit OS
#   Decrease Java heap size (-Xmx/-Xms)
#   Decrease number of Java threads
#   Decrease Java thread stack sizes (-Xss)
#   Set larger code cache with -XX:ReservedCodeCacheSize=
# This output file may be truncated or incomplete.
#
#  Out of Memory Error (allocation.cpp:390), pid=11880, tid=11168
#
# JRE version: Java(TM) SE Runtime Environment (8.0_45-b14) (build 1.8.0_45-b14)
# Java VM: Java HotSpot(TM) 64-Bit Server VM (25.45-b02 mixed mode windows-amd64 compressed oops)
# Failed to write core dump. Minidumps are not enabled by default on client versions of Windows
#

---------------  T H R E A D  ---------------

Current thread (0x0000000014ad1000):  JavaThread "C2 CompilerThread1" daemon [_thread_in_native, id=11168, stack(0x0000000016140000,0x0000000016240000)]

Stack: [0x0000000016140000,0x0000000016240000]
Native frames: (J=compiled Java code, j=interpreted, Vv=VM code, C=native code)
V  [jvm.dll+0x32b57a]
V  [jvm.dll+0x279873]
V  [jvm.dll+0x27a509]
V  [jvm.dll+0x271825]
V  [jvm.dll+0xcb9e2]
V  [jvm.dll+0xcbeac]
V  [jvm.dll+0x476ef2]
V  [jvm.dll+0x4b955f]
V  [jvm.dll+0x46bf81]
V  [jvm.dll+0x46ccbe]
V  [jvm.dll+0x4500f2]
V  [jvm.dll+0xa4352]
V  [jvm.dll+0xa4c8f]
V  [jvm.dll+0x241984]
V  [jvm.dll+0x29853a]
C  [msvcr100.dll+0x21d9f]
C  [msvcr100.dll+0x21e3b]
C  [KERNEL32.DLL+0x18102]
C  [ntdll.dll+0x5c5b4]


Current CompileTask:
C2:  35134 11671   !   4       java.net.URLClassLoader$1::run (63 bytes)


---------------  P R O C E S S  ---------------

Java Threads: ( => current thread )
  0x000000001affb000 JavaThread "Run command 'C:\Program Files\Java\jdk1.8.0_45\bin\java.exe'" [_thread_new, id=7928, stack(0x0000000000000000,0x0000000000000000)]
  0x000000001aff5800 JavaThread "Run command 'C:\Program Files\Java\jdk1.8.0_45\bin\java.exe'" [_thread_in_native, id=11316, stack(0x0000000026dd0000,0x0000000026ed0000)]
  0x000000001affc800 JavaThread "Forward streams with process: command 'C:\Program Files\Java\jdk1.8.0_45\bin\java.exe' Thread 3" [_thread_in_native, id=12108, stack(0x00000000264d0000,0x00000000265d0000)]
  0x000000001affb800 JavaThread "Forward streams with process: command 'C:\Program Files\Java\jdk1.8.0_45\bin\java.exe' Thread 2" [_thread_in_native, id=4400, stack(0x00000000263d0000,0x00000000264d0000)]
  0x000000001aff7000 JavaThread "Forward streams with process: command 'C:\Program Files\Java\jdk1.8.0_45\bin\java.exe'" [_thread_blocked, id=6788, stack(0x00000000262d0000,0x00000000263d0000)]
  0x000000001aff9800 JavaThread "Forward streams with process: command 'C:\Program Files\Java\jdk1.8.0_45\bin\java.exe' Thread 3" [_thread_in_native, id=3040, stack(0x00000000260d0000,0x00000000261d0000)]
  0x000000001aff8800 JavaThread "Forward streams with process: command 'C:\Program Files\Java\jdk1.8.0_45\bin\java.exe' Thread 2" [_thread_in_native, id=10872, stack(0x0000000025fd0000,0x00000000260d0000)]
  0x000000001aff8000 JavaThread "Forward streams with process: command 'C:\Program Files\Java\jdk1.8.0_45\bin\java.exe'" [_thread_blocked, id=5996, stack(0x0000000025ed0000,0x0000000025fd0000)]
  0x000000001aff3800 JavaThread "Run command 'C:\Program Files\Java\jdk1.8.0_45\bin\java.exe'" [_thread_in_native, id=9272, stack(0x0000000025cd0000,0x0000000025dd0000)]
  0x000000001aff2000 JavaThread "Run command 'C:\Program Files\Java\jdk1.8.0_45\bin\java.exe'" [_thread_in_native, id=12440, stack(0x00000000259d0000,0x0000000025ad0000)]
  0x000000001aff5000 JavaThread "pool-2-thread-4" [_thread_blocked, id=7440, stack(0x00000000258d0000,0x00000000259d0000)]
  0x000000001aff1000 JavaThread "pool-2-thread-3" [_thread_blocked, id=13096, stack(0x00000000257d0000,0x00000000258d0000)]
  0x000000001aff2800 JavaThread "pool-2-thread-2" [_thread_blocked, id=13044, stack(0x00000000256d0000,0x00000000257d0000)]
  0x000000001a442800 JavaThread "pool-2-thread-1" [_thread_blocked, id=4396, stack(0x00000000255d0000,0x00000000256d0000)]
  0x000000001a43f000 JavaThread "pool-1-thread-4" [_thread_blocked, id=1412, stack(0x0000000020cd0000,0x0000000020dd0000)]
  0x000000001a443800 JavaThread "pool-1-thread-3" [_thread_blocked, id=12280, stack(0x0000000020bd0000,0x0000000020cd0000)]
  0x000000001a440800 JavaThread "pool-1-thread-2" [_thread_blocked, id=7688, stack(0x0000000020ad0000,0x0000000020bd0000)]
  0x000000001a43e000 JavaThread "pool-1-thread-1" [_thread_blocked, id=13756, stack(0x00000000209d0000,0x0000000020ad0000)]
  0x000000001e107800 JavaThread "File lock request listener" [_thread_in_native, id=4116, stack(0x000000001b350000,0x000000001b450000)]
  0x00000000176f3800 JavaThread "Stdin handler" [_thread_blocked, id=13452, stack(0x0000000018cb0000,0x0000000018db0000)]
  0x00000000176fd800 JavaThread "Daemon worker" [_thread_in_vm, id=3252, stack(0x0000000018bb0000,0x0000000018cb0000)]
  0x000000001764a800 JavaThread "Cancel handler" [_thread_blocked, id=12764, stack(0x0000000018ab0000,0x0000000018bb0000)]
  0x0000000017619000 JavaThread "Handler for socket connection from /127.0.0.1:60845 to /127.0.0.1:60846" [_thread_in_native, id=10524, stack(0x00000000189b0000,0x0000000018ab0000)]
  0x0000000017611800 JavaThread "Daemon" [_thread_blocked, id=692, stack(0x00000000188b0000,0x00000000189b0000)]
  0x00000000175e7800 JavaThread "Incoming local TCP Connector on port 60845" [_thread_in_native, id=4872, stack(0x0000000017140000,0x0000000017240000)]
  0x0000000016362800 JavaThread "Service Thread" daemon [_thread_blocked, id=4156, stack(0x0000000016740000,0x0000000016840000)]
  0x0000000014ad8000 JavaThread "C1 CompilerThread2" daemon [_thread_blocked, id=13048, stack(0x0000000016240000,0x0000000016340000)]
=>0x0000000014ad1000 JavaThread "C2 CompilerThread1" daemon [_thread_in_native, id=11168, stack(0x0000000016140000,0x0000000016240000)]
  0x0000000014acc800 JavaThread "C2 CompilerThread0" daemon [_thread_in_native, id=5456, stack(0x0000000016040000,0x0000000016140000)]
  0x0000000014acb000 JavaThread "Attach Listener" daemon [_thread_blocked, id=13628, stack(0x0000000015f40000,0x0000000016040000)]
  0x0000000014ac9800 JavaThread "Signal Dispatcher" daemon [_thread_blocked, id=9648, stack(0x0000000015e40000,0x0000000015f40000)]
  0x00000000023f9000 JavaThread "Finalizer" daemon [_thread_blocked, id=8140, stack(0x0000000015d40000,0x0000000015e40000)]
  0x00000000023f0000 JavaThread "Reference Handler" daemon [_thread_blocked, id=7612, stack(0x0000000015c40000,0x0000000015d40000)]
  0x0000000002302800 JavaThread "main" [_thread_blocked, id=5736, stack(0x0000000002180000,0x0000000002280000)]

Other Threads:
  0x0000000014a97800 VMThread [stack: 0x0000000015b40000,0x0000000015c40000] [id=7404]
  0x0000000016373800 WatcherThread [stack: 0x0000000016840000,0x0000000016940000] [id=8588]

VM state:not at safepoint (normal execution)

VM Mutex/Monitor currently owned by a thread:  ([mutex/lock_event])
[0x00000000022fe0a0] SystemDictionary_lock - owner thread: 0x00000000176fd800

Heap:
 PSYoungGen      total 306688K, used 181463K [0x00000000eab00000, 0x0000000100000000, 0x0000000100000000)
  eden space 280576K, 64% used [0x00000000eab00000,0x00000000f5c35f20,0x00000000fbd00000)
  from space 26112K, 0% used [0x00000000fe680000,0x00000000fe680000,0x0000000100000000)
  to   space 34304K, 0% used [0x00000000fbd00000,0x00000000fbd00000,0x00000000fde80000)
 ParOldGen       total 208384K, used 59482K [0x00000000c0000000, 0x00000000ccb80000, 0x00000000eab00000)
  object space 208384K, 28% used [0x00000000c0000000,0x00000000c3a16ac8,0x00000000ccb80000)
 Metaspace       used 60504K, capacity 62110K, committed 62424K, reserved 1103872K
  class space    used 8004K, capacity 8419K, committed 8448K, reserved 1048576K

Card table byte_map: [0x00000000117c0000,0x00000000119d0000] byte_map_base: 0x00000000111c0000

Marking Bits: (ParMarkBitMap*) 0x0000000050d94040
 Begin Bits: [0x0000000011f30000, 0x0000000012f30000)
 End Bits:   [0x0000000012f30000, 0x0000000013f30000)

Polling page: 0x0000000000450000

CodeCache: size=245760Kb used=36037Kb max_used=36568Kb free=209722Kb
 bounds [0x0000000002400000, 0x0000000004800000, 0x0000000011400000]
 total_blobs=10555 nmethods=9801 adapters=665
 compilation: enabled

Compilation events (10 events):
Event: 34.976 Thread 0x0000000014ad8000 11678       3       java.lang.ProcessEnvironment::addToEnv (20 bytes)
Event: 34.976 Thread 0x0000000014ad8000 nmethod 11678 0x00000000047e2e50 code [0x00000000047e3040, 0x00000000047e3978]
Event: 34.986 Thread 0x0000000014ad8000 11679       1       java.lang.Thread::isDaemon (5 bytes)
Event: 34.986 Thread 0x0000000014ad8000 nmethod 11679 0x0000000002717050 code [0x00000000027171a0, 0x00000000027172b0]
Event: 34.987 Thread 0x0000000014ad8000 11680       1       java.lang.Thread::getPriority (5 bytes)
Event: 34.987 Thread 0x0000000014ad8000 nmethod 11680 0x00000000047d2710 code [0x00000000047d2860, 0x00000000047d2970]
Event: 35.000 Thread 0x0000000014ad8000 11681       1       java.lang.ThreadGroup::getMaxPriority (5 bytes)
Event: 35.001 Thread 0x0000000014ad8000 nmethod 11681 0x00000000028c8490 code [0x00000000028c85e0, 0x00000000028c86f0]
Event: 35.015 Thread 0x0000000014ad8000 11682       3       java.util.concurrent.locks.AbstractQueuedSynchronizer::enq (58 bytes)
Event: 35.016 Thread 0x0000000014ad8000 nmethod 11682 0x000000000281d290 code [0x000000000281d420, 0x000000000281d950]

GC Heap History (10 events):
Event: 10.483 GC heap before
{Heap before GC invocations=9 (full 2):
 PSYoungGen      total 201728K, used 187392K [0x00000000eab00000, 0x00000000f9700000, 0x0000000100000000)
  eden space 187392K, 100% used [0x00000000eab00000,0x00000000f6200000,0x00000000f6200000)
  from space 14336K, 0% used [0x00000000f7100000,0x00000000f7100000,0x00000000f7f00000)
  to   space 15360K, 0% used [0x00000000f6200000,0x00000000f6200000,0x00000000f7100000)
 ParOldGen       total 127488K, used 20064K [0x00000000c0000000, 0x00000000c7c80000, 0x00000000eab00000)
  object space 127488K, 15% used [0x00000000c0000000,0x00000000c1398148,0x00000000c7c80000)
 Metaspace       used 39047K, capacity 39874K, committed 40064K, reserved 1083392K
  class space    used 5233K, capacity 5459K, committed 5504K, reserved 1048576K
Event: 10.496 GC heap after
Heap after GC invocations=9 (full 2):
 PSYoungGen      total 202752K, used 13066K [0x00000000eab00000, 0x00000000ff780000, 0x0000000100000000)
  eden space 187392K, 0% used [0x00000000eab00000,0x00000000eab00000,0x00000000f6200000)
  from space 15360K, 85% used [0x00000000f6200000,0x00000000f6ec2aa0,0x00000000f7100000)
  to   space 16384K, 0% used [0x00000000fe780000,0x00000000fe780000,0x00000000ff780000)
 ParOldGen       total 127488K, used 20072K [0x00000000c0000000, 0x00000000c7c80000, 0x00000000eab00000)
  object space 127488K, 15% used [0x00000000c0000000,0x00000000c139a148,0x00000000c7c80000)
 Metaspace       used 39047K, capacity 39874K, committed 40064K, reserved 1083392K
  class space    used 5233K, capacity 5459K, committed 5504K, reserved 1048576K
}
Event: 15.453 GC heap before
{Heap before GC invocations=10 (full 2):
 PSYoungGen      total 202752K, used 200458K [0x00000000eab00000, 0x00000000ff780000, 0x0000000100000000)
  eden space 187392K, 100% used [0x00000000eab00000,0x00000000f6200000,0x00000000f6200000)
  from space 15360K, 85% used [0x00000000f6200000,0x00000000f6ec2aa0,0x00000000f7100000)
  to   space 16384K, 0% used [0x00000000fe780000,0x00000000fe780000,0x00000000ff780000)
 ParOldGen       total 127488K, used 20072K [0x00000000c0000000, 0x00000000c7c80000, 0x00000000eab00000)
  object space 127488K, 15% used [0x00000000c0000000,0x00000000c139a148,0x00000000c7c80000)
 Metaspace       used 47722K, capacity 48844K, committed 49152K, reserved 1091584K
  class space    used 6499K, capacity 6801K, committed 6912K, reserved 1048576K
Event: 15.539 GC heap after
Heap after GC invocations=10 (full 2):
 PSYoungGen      total 315904K, used 16355K [0x00000000eab00000, 0x00000000ffd80000, 0x0000000100000000)
  eden space 299520K, 0% used [0x00000000eab00000,0x00000000eab00000,0x00000000fcf80000)
  from space 16384K, 99% used [0x00000000fe780000,0x00000000ff778ff0,0x00000000ff780000)
  to   space 23552K, 0% used [0x00000000fcf80000,0x00000000fcf80000,0x00000000fe680000)
 ParOldGen       total 127488K, used 32230K [0x00000000c0000000, 0x00000000c7c80000, 0x00000000eab00000)
  object space 127488K, 25% used [0x00000000c0000000,0x00000000c1f79808,0x00000000c7c80000)
 Metaspace       used 47722K, capacity 48844K, committed 49152K, reserved 1091584K
  class space    used 6499K, capacity 6801K, committed 6912K, reserved 1048576K
}
Event: 25.876 GC heap before
{Heap before GC invocations=11 (full 2):
 PSYoungGen      total 315904K, used 315875K [0x00000000eab00000, 0x00000000ffd80000, 0x0000000100000000)
  eden space 299520K, 100% used [0x00000000eab00000,0x00000000fcf80000,0x00000000fcf80000)
  from space 16384K, 99% used [0x00000000fe780000,0x00000000ff778ff0,0x00000000ff780000)
  to   space 23552K, 0% used [0x00000000fcf80000,0x00000000fcf80000,0x00000000fe680000)
 ParOldGen       total 127488K, used 32230K [0x00000000c0000000, 0x00000000c7c80000, 0x00000000eab00000)
  object space 127488K, 25% used [0x00000000c0000000,0x00000000c1f79808,0x00000000c7c80000)
 Metaspace       used 52249K, capacity 53684K, committed 53888K, reserved 1095680K
  class space    used 7085K, capacity 7480K, committed 7552K, reserved 1048576K
Event: 25.943 GC heap after
Heap after GC invocations=11 (full 2):
 PSYoungGen      total 323072K, used 23540K [0x00000000eab00000, 0x0000000100000000, 0x0000000100000000)
  eden space 299520K, 0% used [0x00000000eab00000,0x00000000eab00000,0x00000000fcf80000)
  from space 23552K, 99% used [0x00000000fcf80000,0x00000000fe67d370,0x00000000fe680000)
  to   space 26112K, 0% used [0x00000000fe680000,0x00000000fe680000,0x0000000100000000)
 ParOldGen       total 127488K, used 48998K [0x00000000c0000000, 0x00000000c7c80000, 0x00000000eab00000)
  object space 127488K, 38% used [0x00000000c0000000,0x00000000c2fd9a18,0x00000000c7c80000)
 Metaspace       used 52249K, capacity 53684K, committed 53888K, reserved 1095680K
  class space    used 7085K, capacity 7480K, committed 7552K, reserved 1048576K
}
Event: 29.521 GC heap before
{Heap before GC invocations=12 (full 2):
 PSYoungGen      total 323072K, used 208507K [0x00000000eab00000, 0x0000000100000000, 0x0000000100000000)
  eden space 299520K, 61% used [0x00000000eab00000,0x00000000f5fa1aa0,0x00000000fcf80000)
  from space 23552K, 99% used [0x00000000fcf80000,0x00000000fe67d370,0x00000000fe680000)
  to   space 26112K, 0% used [0x00000000fe680000,0x00000000fe680000,0x0000000100000000)
 ParOldGen       total 127488K, used 48998K [0x00000000c0000000, 0x00000000c7c80000, 0x00000000eab00000)
  object space 127488K, 38% used [0x00000000c0000000,0x00000000c2fd9a18,0x00000000c7c80000)
 Metaspace       used 57325K, capacity 58888K, committed 59096K, reserved 1099776K
  class space    used 7740K, capacity 8182K, committed 8192K, reserved 1048576K
Event: 29.563 GC heap after
Heap after GC invocations=12 (full 2):
 PSYoungGen      total 306688K, used 22013K [0x00000000eab00000, 0x0000000100000000, 0x0000000100000000)
  eden space 280576K, 0% used [0x00000000eab00000,0x00000000eab00000,0x00000000fbd00000)
  from space 26112K, 84% used [0x00000000fe680000,0x00000000ffbff778,0x0000000100000000)
  to   space 34304K, 0% used [0x00000000fbd00000,0x00000000fbd00000,0x00000000fde80000)
 ParOldGen       total 127488K, used 60788K [0x00000000c0000000, 0x00000000c7c80000, 0x00000000eab00000)
  object space 127488K, 47% used [0x00000000c0000000,0x00000000c3b5d360,0x00000000c7c80000)
 Metaspace       used 57325K, capacity 58888K, committed 59096K, reserved 1099776K
  class space    used 7740K, capacity 8182K, committed 8192K, reserved 1048576K
}
Event: 29.563 GC heap before
{Heap before GC invocations=13 (full 3):
 PSYoungGen      total 306688K, used 22013K [0x00000000eab00000, 0x0000000100000000, 0x0000000100000000)
  eden space 280576K, 0% used [0x00000000eab00000,0x00000000eab00000,0x00000000fbd00000)
  from space 26112K, 84% used [0x00000000fe680000,0x00000000ffbff778,0x0000000100000000)
  to   space 34304K, 0% used [0x00000000fbd00000,0x00000000fbd00000,0x00000000fde80000)
 ParOldGen       total 127488K, used 60788K [0x00000000c0000000, 0x00000000c7c80000, 0x00000000eab00000)
  object space 127488K, 47% used [0x00000000c0000000,0x00000000c3b5d360,0x00000000c7c80000)
 Metaspace       used 57325K, capacity 58888K, committed 59096K, reserved 1099776K
  class space    used 7740K, capacity 8182K, committed 8192K, reserved 1048576K
Event: 29.850 GC heap after
Heap after GC invocations=13 (full 3):
 PSYoungGen      total 306688K, used 0K [0x00000000eab00000, 0x0000000100000000, 0x0000000100000000)
  eden space 280576K, 0% used [0x00000000eab00000,0x00000000eab00000,0x00000000fbd00000)
  from space 26112K, 0% used [0x00000000fe680000,0x00000000fe680000,0x0000000100000000)
  to   space 34304K, 0% used [0x00000000fbd00000,0x00000000fbd00000,0x00000000fde80000)
 ParOldGen       total 208384K, used 59482K [0x00000000c0000000, 0x00000000ccb80000, 0x00000000eab00000)
  object space 208384K, 28% used [0x00000000c0000000,0x00000000c3a16ac8,0x00000000ccb80000)
 Metaspace       used 57325K, capacity 58888K, committed 59096K, reserved 1099776K
  class space    used 7740K, capacity 8182K, committed 8192K, reserved 1048576K
}

Deoptimization events (10 events):
Event: 33.524 Thread 0x00000000176fd800 Uncommon trap: reason=class_check action=maybe_recompile pc=0x00000000037e9e80 method=java.net.URLClassLoader.defineClass(Ljava/lang/String;Lsun/misc/Resource;)Ljava/lang/Class; @ 34
Event: 33.528 Thread 0x00000000176fd800 Uncommon trap: reason=bimorphic action=maybe_recompile pc=0x00000000030db714 method=java.io.Writer.write(Ljava/lang/String;)V @ 7
Event: 33.528 Thread 0x00000000176fd800 Uncommon trap: reason=bimorphic action=maybe_recompile pc=0x00000000030db714 method=java.io.Writer.write(Ljava/lang/String;)V @ 7
Event: 33.528 Thread 0x00000000176fd800 Uncommon trap: reason=bimorphic action=maybe_recompile pc=0x00000000030db714 method=java.io.Writer.write(Ljava/lang/String;)V @ 7
Event: 33.981 Thread 0x00000000176fd800 Uncommon trap: reason=unstable_if action=reinterpret pc=0x00000000033fc138 method=java.util.Date.normalize()Lsun/util/calendar/BaseCalendar$Date; @ 45
Event: 34.000 Thread 0x00000000176fd800 Uncommon trap: reason=unstable_if action=reinterpret pc=0x0000000004649d10 method=org.objectweb.asm.MethodWriter.visitLabel(Lorg/objectweb/asm/Label;)V @ 42
Event: 34.000 Thread 0x00000000176fd800 Uncommon trap: reason=unstable_if action=reinterpret pc=0x00000000047612d4 method=org.objectweb.asm.MethodWriter.visitVarInsn(II)V @ 15
Event: 34.000 Thread 0x00000000176fd800 Uncommon trap: reason=unstable_if action=reinterpret pc=0x000000000461c478 method=org.objectweb.asm.MethodWriter.visitMethodInsn(ILjava/lang/String;Ljava/lang/String;Ljava/lang/String;Z)V @ 37
Event: 34.000 Thread 0x00000000176fd800 Uncommon trap: reason=unstable_if action=reinterpret pc=0x0000000004552bac method=org.objectweb.asm.MethodWriter.visitInsn(I)V @ 24
Event: 34.000 Thread 0x00000000176fd800 Uncommon trap: reason=unstable_if action=reinterpret pc=0x0000000004786370 method=org.objectweb.asm.MethodWriter.visitMaxs(II)V @ 15

Internal exceptions (10 events):
Event: 25.567 Thread 0x00000000176fd800 Implicit null exception at 0x0000000002e0050f to 0x0000000002e00d25
Event: 25.652 Thread 0x00000000176fd800 Implicit null exception at 0x0000000003df03cd to 0x0000000003df1f15
Event: 25.653 Thread 0x00000000176fd800 Implicit null exception at 0x0000000003e02c0a to 0x0000000003e04815
Event: 25.759 Thread 0x00000000176fd800 Implicit null exception at 0x000000000351c497 to 0x000000000351c6ed
Event: 27.687 Thread 0x00000000176fd800 Implicit null exception at 0x0000000002a7ea45 to 0x0000000002a7c639
Event: 27.687 Thread 0x00000000176fd800 Implicit null exception at 0x0000000002a7ea45 to 0x0000000002a7c639
Event: 27.696 Thread 0x00000000176fd800 Implicit null exception at 0x0000000002a7ea45 to 0x0000000002a7c639
Event: 34.000 Thread 0x00000000176fd800 Implicit null exception at 0x0000000004760c4f to 0x00000000047612c9
Event: 34.000 Thread 0x00000000176fd800 Implicit null exception at 0x000000000461aaeb to 0x000000000461c44d
Event: 34.000 Thread 0x00000000176fd800 Implicit null exception at 0x000000000455290e to 0x0000000004552ba1

Events (10 events):
Event: 35.015 Executing VM operation: RevokeBias done
Event: 35.015 Thread 0x000000001aff4000 Thread exited: 0x000000001aff4000
Event: 35.016 Thread 0x0000000014ad8000 flushing nmethod 0x00000000032e6ad0
Event: 35.017 Executing VM operation: RevokeBias
Event: 35.017 Executing VM operation: RevokeBias done
Event: 35.017 Thread 0x000000001b000800 Thread exited: 0x000000001b000800
Event: 35.017 Executing VM operation: RevokeBias
Event: 35.017 Executing VM operation: RevokeBias done
Event: 35.017 Executing VM operation: RevokeBias
Event: 35.017 Executing VM operation: RevokeBias done


Dynamic libraries:
0x00007ff7558f0000 - 0x00007ff755927000 	C:\Program Files\Java\jdk1.8.0_45\bin\java.exe
0x00007fff6de50000 - 0x00007fff6e011000 	C:\WINDOWS\SYSTEM32\ntdll.dll
0x00007fff6dda0000 - 0x00007fff6de4d000 	C:\WINDOWS\system32\KERNEL32.DLL
0x00007fff6a600000 - 0x00007fff6a7e8000 	C:\WINDOWS\system32\KERNELBASE.dll
0x00007fff6da70000 - 0x00007fff6db17000 	C:\WINDOWS\system32\ADVAPI32.dll
0x00007fff6d690000 - 0x00007fff6d72d000 	C:\WINDOWS\system32\msvcrt.dll
0x00007fff6d120000 - 0x00007fff6d17b000 	C:\WINDOWS\system32\sechost.dll
0x00007fff6d4d0000 - 0x00007fff6d5ec000 	C:\WINDOWS\system32\RPCRT4.dll
0x00007fff6ceb0000 - 0x00007fff6d006000 	C:\WINDOWS\system32\USER32.dll
0x00007fff6b7a0000 - 0x00007fff6b926000 	C:\WINDOWS\system32\GDI32.dll
0x00007fff63580000 - 0x00007fff637f4000 	C:\WINDOWS\WinSxS\amd64_microsoft.windows.common-controls_6595b64144ccf1df_6.0.10586.0_none_8c15ae12515e1c22\COMCTL32.dll
0x00007fff6db20000 - 0x00007fff6dd9d000 	C:\WINDOWS\system32\combase.dll
0x00007fff6a590000 - 0x00007fff6a5fa000 	C:\WINDOWS\system32\bcryptPrimitives.dll
0x00007fff6d650000 - 0x00007fff6d68b000 	C:\WINDOWS\system32\IMM32.DLL
0x0000000077c80000 - 0x0000000077d52000 	C:\Program Files\Java\jdk1.8.0_45\jre\bin\msvcr100.dll
0x0000000050590000 - 0x0000000050e13000 	C:\Program Files\Java\jdk1.8.0_45\jre\bin\server\jvm.dll
0x00007fff6b230000 - 0x00007fff6b238000 	C:\WINDOWS\system32\PSAPI.DLL
0x00007fff68a20000 - 0x00007fff68a43000 	C:\WINDOWS\SYSTEM32\WINMM.dll
0x00007fff5fc50000 - 0x00007fff5fc5a000 	C:\WINDOWS\SYSTEM32\VERSION.dll
0x0000000002050000 - 0x000000000207c000 	C:\WINDOWS\SYSTEM32\WINMMBASE.dll
0x00007fff5d9d0000 - 0x00007fff5d9d9000 	C:\WINDOWS\SYSTEM32\WSOCK32.dll
0x00007fff6b1e0000 - 0x00007fff6b223000 	C:\WINDOWS\system32\cfgmgr32.dll
0x00007fff6d340000 - 0x00007fff6d3ab000 	C:\WINDOWS\system32\WS2_32.dll
0x0000000050340000 - 0x000000005034f000 	C:\Program Files\Java\jdk1.8.0_45\jre\bin\verify.dll
0x00000000501f0000 - 0x0000000050219000 	C:\Program Files\Java\jdk1.8.0_45\jre\bin\java.dll
0x0000000050320000 - 0x0000000050336000 	C:\Program Files\Java\jdk1.8.0_45\jre\bin\zip.dll
0x00007fff6b930000 - 0x00007fff6ce8c000 	C:\WINDOWS\system32\SHELL32.dll
0x00007fff6a9a0000 - 0x00007fff6afe4000 	C:\WINDOWS\system32\windows.storage.dll
0x00007fff6d5f0000 - 0x00007fff6d642000 	C:\WINDOWS\system32\shlwapi.dll
0x00007fff6a4b0000 - 0x00007fff6a4bf000 	C:\WINDOWS\system32\kernel.appcore.dll
0x00007fff6a8e0000 - 0x00007fff6a995000 	C:\WINDOWS\system32\shcore.dll
0x00007fff6a460000 - 0x00007fff6a4ab000 	C:\WINDOWS\system32\powrprof.dll
0x00007fff6a4c0000 - 0x00007fff6a4d4000 	C:\WINDOWS\system32\profapi.dll
0x00000000501d0000 - 0x00000000501ea000 	C:\Program Files\Java\jdk1.8.0_45\jre\bin\net.dll
0x00007fff69d20000 - 0x00007fff69d7c000 	C:\WINDOWS\system32\mswsock.dll
0x00000000501b0000 - 0x00000000501c1000 	C:\Program Files\Java\jdk1.8.0_45\jre\bin\nio.dll
0x00007fff56e30000 - 0x00007fff56e42000 	C:\Users\erald.kerluku\.gradle\native\19\windows-amd64\native-platform.dll
0x00007fff675c0000 - 0x00007fff675f8000 	C:\WINDOWS\SYSTEM32\IPHLPAPI.DLL
0x00007fff6da60000 - 0x00007fff6da68000 	C:\WINDOWS\system32\NSI.dll
0x00007fff67140000 - 0x00007fff67156000 	C:\WINDOWS\SYSTEM32\dhcpcsvc6.DLL
0x00007fff670f0000 - 0x00007fff6710a000 	C:\WINDOWS\SYSTEM32\dhcpcsvc.DLL
0x00007fff69dd0000 - 0x00007fff69de7000 	C:\WINDOWS\SYSTEM32\CRYPTSP.dll
0x00007fff69a60000 - 0x00007fff69a94000 	C:\WINDOWS\system32\rsaenh.dll
0x00007fff6a390000 - 0x00007fff6a3b9000 	C:\WINDOWS\SYSTEM32\bcrypt.dll
0x00007fff69bb0000 - 0x00007fff69bcf000 	C:\WINDOWS\SYSTEM32\USERENV.dll
0x00007fff69ef0000 - 0x00007fff69efb000 	C:\WINDOWS\SYSTEM32\CRYPTBASE.dll
0x0000000050000000 - 0x000000005000d000 	C:\Program Files\Java\jdk1.8.0_45\jre\bin\management.dll
0x0000000077ee0000 - 0x0000000077f04000 	C:\Program Files\Java\jdk1.8.0_45\jre\bin\sunec.dll
0x00007fff60190000 - 0x00007fff601a6000 	C:\WINDOWS\system32\napinsp.dll
0x00007fff601b0000 - 0x00007fff601ca000 	C:\WINDOWS\system32\pnrpnsp.dll
0x00007fff689a0000 - 0x00007fff689b8000 	C:\WINDOWS\system32\NLAapi.dll
0x00007fff68dd0000 - 0x00007fff68e7a000 	C:\WINDOWS\SYSTEM32\DNSAPI.dll
0x00007fff60870000 - 0x00007fff6087d000 	C:\WINDOWS\System32\winrnr.dll
0x00007fff63b20000 - 0x00007fff63b2a000 	C:\Windows\System32\rasadhlp.dll
0x00007fff67690000 - 0x00007fff676f7000 	C:\WINDOWS\System32\fwpuclnt.dll
0x00007fff65570000 - 0x00007fff656fc000 	C:\WINDOWS\SYSTEM32\dbghelp.dll

VM Arguments:
jvm_args: -XX:MaxPermSize=256m -XX:+HeapDumpOnOutOfMemoryError -Xmx1024m -Dfile.encoding=windows-1252 -Duser.country=US -Duser.language=en -Duser.variant 
java_command: org.gradle.launcher.daemon.bootstrap.GradleDaemon 2.10
java_class_path (initial): C:\Program Files\Android\Android Studio\gradle\gradle-2.10\lib\gradle-launcher-2.10.jar
Launcher Type: SUN_STANDARD

Environment Variables:
CLASSPATH=.;C:\Program Files (x86)\Java\jre1.8.0_51\lib\ext\QTJava.zip
PATH=C:\ProgramData\Oracle\Java\javapath;C:\Program Files (x86)\Intel\iCLS Client\;C:\Program Files\Intel\iCLS Client\;C:\WINDOWS\system32;C:\WINDOWS;C:\WINDOWS\System32\Wbem;C:\WINDOWS\System32\WindowsPowerShell\v1.0\;C:\Program Files\Intel\Intel(R) Management Engine Components\DAL;C:\Program Files\Intel\Intel(R) Management Engine Components\IPT;C:\Program Files (x86)\Intel\Intel(R) Management Engine Components\DAL;C:\Program Files (x86)\Intel\Intel(R) Management Engine Components\IPT;C:\Program Files (x86)\Skype\Phone\;C:\Program Files (x86)\QuickTime\QTSystem\;C:\Program Files\Microsoft SQL Server\120\Tools\Binn\;C:\Program Files (x86)\Windows Kits\8.1\Windows Performance Toolkit\;C:\Program Files\Microsoft SQL Server\110\Tools\Binn\;C:\Program Files (x86)\Microsoft SDKs\TypeScript\1.0\;E:\ndk;C:\Program Files\MATLAB\R2015b\bin;C:\Program Files (x86)\GtkSharp\2.12\bin;C:\Program Files\Java\jdk1.8.0_45\bin;C:\OpenSSL-Win64\bin
USERNAME=Erald.Kerluku
OS=Windows_NT
PROCESSOR_IDENTIFIER=Intel64 Family 6 Model 60 Stepping 3, GenuineIntel



---------------  S Y S T E M  ---------------

OS: Windows 10.0 , 64 bit Build 10586 (10.0.10586.0)

CPU:total 4 (4 cores per cpu, 1 threads per core) family 6 model 60 stepping 3, cmov, cx8, fxsr, mmx, sse, sse2, sse3, ssse3, sse4.1, sse4.2, popcnt, avx, avx2, aes, clmul, erms, lzcnt, tsc, tscinvbit, bmi1, bmi2

Memory: 4k page, physical 16701340k(3797612k free), swap 16701340k(312656k free)

vm_info: Java HotSpot(TM) 64-Bit Server VM (25.45-b02) for windows-amd64 JRE (1.8.0_45-b14), built on Apr 10 2015 10:34:15 by "java_re" with MS VC++ 10.0 (VS2010)

time: Fri Jun 03 11:44:19 2016
elapsed time: 35 seconds (0d 0h 0m 35s)

