#
# There is insufficient memory for the Java Runtime Environment to continue.
# Native memory allocation (malloc) failed to allocate 1390256 bytes for Chunk::new
# Possible reasons:
#   The system is out of physical RAM or swap space
#   In 32 bit mode, the process size limit was hit
# Possible solutions:
#   Reduce memory load on the system
#   Increase physical memory or swap space
#   Check if swap backing store is full
#   Use 64 bit Java on a 64 bit OS
#   Decrease Java heap size (-Xmx/-Xms)
#   Decrease number of Java threads
#   Decrease Java thread stack sizes (-Xss)
#   Set larger code cache with -XX:ReservedCodeCacheSize=
# This output file may be truncated or incomplete.
#
#  Out of Memory Error (allocation.cpp:390), pid=9636, tid=7912
#
# JRE version: Java(TM) SE Runtime Environment (8.0_45-b14) (build 1.8.0_45-b14)
# Java VM: Java HotSpot(TM) 64-Bit Server VM (25.45-b02 mixed mode windows-amd64 compressed oops)
# Failed to write core dump. Minidumps are not enabled by default on client versions of Windows
#

---------------  T H R E A D  ---------------

Current thread (0x0000000016580800):  JavaThread "C2 CompilerThread0" daemon [_thread_in_native, id=7912, stack(0x0000000016c80000,0x0000000016d80000)]

Stack: [0x0000000016c80000,0x0000000016d80000]
Native frames: (J=compiled Java code, j=interpreted, Vv=VM code, C=native code)
V  [jvm.dll+0x32b57a]


Current CompileTask:
C2:   4654 2103   !   4       com.android.dx.cf.code.RopperMachine::run (1550 bytes)


---------------  P R O C E S S  ---------------

Java Threads: ( => current thread )
  0x0000000016955000 JavaThread "pool-1-thread-4" [_thread_blocked, id=9852, stack(0x0000000018170000,0x0000000018270000)]
  0x0000000016811800 JavaThread "pool-1-thread-3" [_thread_blocked, id=6872, stack(0x0000000017f90000,0x0000000018090000)]
  0x0000000016820000 JavaThread "pool-1-thread-2" [_thread_in_Java, id=2136, stack(0x0000000016d80000,0x0000000016e80000)]
  0x000000001689a000 JavaThread "pool-2-thread-1" [_thread_blocked, id=10012, stack(0x0000000017de0000,0x0000000017ee0000)]
  0x0000000016899000 JavaThread "pool-1-thread-1" [_thread_in_Java, id=9532, stack(0x0000000017c00000,0x0000000017d00000)]
  0x000000001509f000 JavaThread "Service Thread" daemon [_thread_blocked, id=5136, stack(0x0000000017100000,0x0000000017200000)]
  0x0000000016589000 JavaThread "C1 CompilerThread2" daemon [_thread_blocked, id=5248, stack(0x0000000016eb0000,0x0000000016fb0000)]
  0x0000000016587000 JavaThread "C2 CompilerThread1" daemon [_thread_in_native, id=3656, stack(0x0000000016000000,0x0000000016100000)]
=>0x0000000016580800 JavaThread "C2 CompilerThread0" daemon [_thread_in_native, id=7912, stack(0x0000000016c80000,0x0000000016d80000)]
  0x0000000015092000 JavaThread "Attach Listener" daemon [_thread_blocked, id=6580, stack(0x0000000016b80000,0x0000000016c80000)]
  0x0000000015091800 JavaThread "Signal Dispatcher" daemon [_thread_blocked, id=9932, stack(0x0000000016a40000,0x0000000016b40000)]
  0x0000000015037000 JavaThread "Finalizer" daemon [_thread_blocked, id=9668, stack(0x0000000016480000,0x0000000016580000)]
  0x0000000015030000 JavaThread "Reference Handler" daemon [_thread_blocked, id=1192, stack(0x0000000016280000,0x0000000016380000)]
  0x0000000001ccf800 JavaThread "main" [_thread_blocked, id=9632, stack(0x0000000002320000,0x0000000002420000)]

Other Threads:
  0x000000001502c800 VMThread [stack: 0x0000000016120000,0x0000000016220000] [id=9644]
  0x0000000016602800 WatcherThread [stack: 0x00000000172f0000,0x00000000173f0000] [id=5436]

VM state:not at safepoint (normal execution)

VM Mutex/Monitor currently owned by a thread:  ([mutex/lock_event])
[0x0000000001cccfa0] Heap_lock - owner thread: 0x0000000001ccf800

Heap:
 PSYoungGen      total 272896K, used 18767K [0x00000000eab00000, 0x00000000fc000000, 0x0000000100000000)
  eden space 262144K, 6% used [0x00000000eab00000,0x00000000ebb5c6f8,0x00000000fab00000)
  from space 10752K, 18% used [0x00000000fab00000,0x00000000facf7538,0x00000000fb580000)
  to   space 10752K, 0% used [0x00000000fb580000,0x00000000fb580000,0x00000000fc000000)
 ParOldGen       total 175104K, used 174780K [0x00000000c0000000, 0x00000000cab00000, 0x00000000eab00000)
  object space 175104K, 99% used [0x00000000c0000000,0x00000000caaaf3b8,0x00000000cab00000)
 Metaspace       used 6464K, capacity 7256K, committed 7424K, reserved 1056768K
  class space    used 614K, capacity 656K, committed 768K, reserved 1048576K

Card table byte_map: [0x0000000011ab0000,0x0000000011cc0000] byte_map_base: 0x00000000114b0000

Marking Bits: (ParMarkBitMap*) 0x000000006fcd4040
 Begin Bits: [0x00000000124a0000, 0x00000000134a0000)
 End Bits:   [0x00000000134a0000, 0x00000000144a0000)

Polling page: 0x0000000001c60000

CodeCache: size=245760Kb used=8799Kb max_used=8799Kb free=236960Kb
 bounds [0x00000000026f0000, 0x0000000002f90000, 0x00000000116f0000]
 total_blobs=2348 nmethods=2078 adapters=182
 compilation: enabled

Compilation events (10 events):
Event: 3.281 Thread 0x0000000016589000 2206       2       com.android.dx.ssa.back.RegisterAllocator::insertMoveBefore (240 bytes)
Event: 3.283 Thread 0x0000000016589000 nmethod 2206 0x0000000002f8b150 code [0x0000000002f8b480, 0x0000000002f8c428]
Event: 3.284 Thread 0x0000000016589000 2207       1       com.android.dx.cf.attrib.AttEnclosingMethod::byteLength (3 bytes)
Event: 3.284 Thread 0x0000000016589000 nmethod 2207 0x0000000002f55c90 code [0x0000000002f55de0, 0x0000000002f55ef0]
Event: 3.284 Thread 0x0000000016589000 2208       2       com.android.dx.dex.file.AnnotationUtils::makeInnerClass (65 bytes)
Event: 3.285 Thread 0x0000000016589000 nmethod 2208 0x0000000002f8db50 code [0x0000000002f8dd40, 0x0000000002f8e238]
Event: 3.304 Thread 0x0000000016589000 2209   !   2       com.android.dx.dex.cf.CfTranslator::translate (44 bytes)
Event: 3.305 Thread 0x0000000016589000 nmethod 2209 0x0000000002f55410 code [0x0000000002f555c0, 0x0000000002f55948]
Event: 4.487 Thread 0x0000000016589000 2215       2       java.util.HashMap::compareComparables (27 bytes)
Event: 4.487 Thread 0x0000000016589000 nmethod 2215 0x0000000002f8e690 code [0x0000000002f8e800, 0x0000000002f8e9c8]

GC Heap History (10 events):
Event: 1.291 GC heap before
{Heap before GC invocations=2 (full 0):
 PSYoungGen      total 76288K, used 73809K [0x00000000eab00000, 0x00000000f4000000, 0x0000000100000000)
  eden space 65536K, 100% used [0x00000000eab00000,0x00000000eeb00000,0x00000000eeb00000)
  from space 10752K, 76% used [0x00000000eeb00000,0x00000000ef3147f8,0x00000000ef580000)
  to   space 10752K, 0% used [0x00000000f3580000,0x00000000f3580000,0x00000000f4000000)
 ParOldGen       total 175104K, used 16K [0x00000000c0000000, 0x00000000cab00000, 0x00000000eab00000)
  object space 175104K, 0% used [0x00000000c0000000,0x00000000c0004000,0x00000000cab00000)
 Metaspace       used 6235K, capacity 7152K, committed 7296K, reserved 1056768K
  class space    used 593K, capacity 616K, committed 640K, reserved 1048576K
Event: 1.328 GC heap after
Heap after GC invocations=2 (full 0):
 PSYoungGen      total 141824K, used 10746K [0x00000000eab00000, 0x00000000f4000000, 0x0000000100000000)
  eden space 131072K, 0% used [0x00000000eab00000,0x00000000eab00000,0x00000000f2b00000)
  from space 10752K, 99% used [0x00000000f3580000,0x00000000f3ffea90,0x00000000f4000000)
  to   space 10752K, 0% used [0x00000000f2b00000,0x00000000f2b00000,0x00000000f3580000)
 ParOldGen       total 175104K, used 5122K [0x00000000c0000000, 0x00000000cab00000, 0x00000000eab00000)
  object space 175104K, 2% used [0x00000000c0000000,0x00000000c0500960,0x00000000cab00000)
 Metaspace       used 6235K, capacity 7152K, committed 7296K, reserved 1056768K
  class space    used 593K, capacity 616K, committed 640K, reserved 1048576K
}
Event: 2.047 GC heap before
{Heap before GC invocations=3 (full 0):
 PSYoungGen      total 141824K, used 141818K [0x00000000eab00000, 0x00000000f4000000, 0x0000000100000000)
  eden space 131072K, 100% used [0x00000000eab00000,0x00000000f2b00000,0x00000000f2b00000)
  from space 10752K, 99% used [0x00000000f3580000,0x00000000f3ffea90,0x00000000f4000000)
  to   space 10752K, 0% used [0x00000000f2b00000,0x00000000f2b00000,0x00000000f3580000)
 ParOldGen       total 175104K, used 5122K [0x00000000c0000000, 0x00000000cab00000, 0x00000000eab00000)
  object space 175104K, 2% used [0x00000000c0000000,0x00000000c0500960,0x00000000cab00000)
 Metaspace       used 6415K, capacity 7192K, committed 7424K, reserved 1056768K
  class space    used 613K, capacity 656K, committed 768K, reserved 1048576K
Event: 2.081 GC heap after
Heap after GC invocations=3 (full 0):
 PSYoungGen      total 141824K, used 10746K [0x00000000eab00000, 0x00000000fc000000, 0x0000000100000000)
  eden space 131072K, 0% used [0x00000000eab00000,0x00000000eab00000,0x00000000f2b00000)
  from space 10752K, 99% used [0x00000000f2b00000,0x00000000f357eb28,0x00000000f3580000)
  to   space 10752K, 0% used [0x00000000fb580000,0x00000000fb580000,0x00000000fc000000)
 ParOldGen       total 175104K, used 22979K [0x00000000c0000000, 0x00000000cab00000, 0x00000000eab00000)
  object space 175104K, 13% used [0x00000000c0000000,0x00000000c1670fb0,0x00000000cab00000)
 Metaspace       used 6415K, capacity 7192K, committed 7424K, reserved 1056768K
  class space    used 613K, capacity 656K, committed 768K, reserved 1048576K
}
Event: 2.309 GC heap before
{Heap before GC invocations=4 (full 0):
 PSYoungGen      total 141824K, used 141818K [0x00000000eab00000, 0x00000000fc000000, 0x0000000100000000)
  eden space 131072K, 100% used [0x00000000eab00000,0x00000000f2b00000,0x00000000f2b00000)
  from space 10752K, 99% used [0x00000000f2b00000,0x00000000f357eb28,0x00000000f3580000)
  to   space 10752K, 0% used [0x00000000fb580000,0x00000000fb580000,0x00000000fc000000)
 ParOldGen       total 175104K, used 22979K [0x00000000c0000000, 0x00000000cab00000, 0x00000000eab00000)
  object space 175104K, 13% used [0x00000000c0000000,0x00000000c1670fb0,0x00000000cab00000)
 Metaspace       used 6424K, capacity 7192K, committed 7424K, reserved 1056768K
  class space    used 613K, capacity 656K, committed 768K, reserved 1048576K
Event: 2.584 GC heap after
Heap after GC invocations=4 (full 0):
 PSYoungGen      total 272896K, used 10738K [0x00000000eab00000, 0x00000000fc000000, 0x0000000100000000)
  eden space 262144K, 0% used [0x00000000eab00000,0x00000000eab00000,0x00000000fab00000)
  from space 10752K, 99% used [0x00000000fb580000,0x00000000fbffcbd0,0x00000000fc000000)
  to   space 10752K, 0% used [0x00000000fab00000,0x00000000fab00000,0x00000000fb580000)
 ParOldGen       total 175104K, used 100725K [0x00000000c0000000, 0x00000000cab00000, 0x00000000eab00000)
  object space 175104K, 57% used [0x00000000c0000000,0x00000000c625d630,0x00000000cab00000)
 Metaspace       used 6424K, capacity 7192K, committed 7424K, reserved 1056768K
  class space    used 613K, capacity 656K, committed 768K, reserved 1048576K
}
Event: 3.446 GC heap before
{Heap before GC invocations=5 (full 0):
 PSYoungGen      total 272896K, used 272882K [0x00000000eab00000, 0x00000000fc000000, 0x0000000100000000)
  eden space 262144K, 100% used [0x00000000eab00000,0x00000000fab00000,0x00000000fab00000)
  from space 10752K, 99% used [0x00000000fb580000,0x00000000fbffcbd0,0x00000000fc000000)
  to   space 10752K, 0% used [0x00000000fab00000,0x00000000fab00000,0x00000000fb580000)
 ParOldGen       total 175104K, used 100725K [0x00000000c0000000, 0x00000000cab00000, 0x00000000eab00000)
  object space 175104K, 57% used [0x00000000c0000000,0x00000000c625d630,0x00000000cab00000)
 Metaspace       used 6464K, capacity 7256K, committed 7424K, reserved 1056768K
  class space    used 614K, capacity 656K, committed 768K, reserved 1048576K
Event: 3.595 GC heap after
Heap after GC invocations=5 (full 0):
 PSYoungGen      total 272896K, used 10726K [0x00000000eab00000, 0x00000000fc000000, 0x0000000100000000)
  eden space 262144K, 0% used [0x00000000eab00000,0x00000000eab00000,0x00000000fab00000)
  from space 10752K, 99% used [0x00000000fab00000,0x00000000fb5799b8,0x00000000fb580000)
  to   space 10752K, 0% used [0x00000000fb580000,0x00000000fb580000,0x00000000fc000000)
 ParOldGen       total 175104K, used 172112K [0x00000000c0000000, 0x00000000cab00000, 0x00000000eab00000)
  object space 175104K, 98% used [0x00000000c0000000,0x00000000ca8140c8,0x00000000cab00000)
 Metaspace       used 6464K, capacity 7256K, committed 7424K, reserved 1056768K
  class space    used 614K, capacity 656K, committed 768K, reserved 1048576K
}
Event: 3.595 GC heap before
{Heap before GC invocations=6 (full 1):
 PSYoungGen      total 272896K, used 10726K [0x00000000eab00000, 0x00000000fc000000, 0x0000000100000000)
  eden space 262144K, 0% used [0x00000000eab00000,0x00000000eab00000,0x00000000fab00000)
  from space 10752K, 99% used [0x00000000fab00000,0x00000000fb5799b8,0x00000000fb580000)
  to   space 10752K, 0% used [0x00000000fb580000,0x00000000fb580000,0x00000000fc000000)
 ParOldGen       total 175104K, used 172112K [0x00000000c0000000, 0x00000000cab00000, 0x00000000eab00000)
  object space 175104K, 98% used [0x00000000c0000000,0x00000000ca8140c8,0x00000000cab00000)
 Metaspace       used 6464K, capacity 7256K, committed 7424K, reserved 1056768K
  class space    used 614K, capacity 656K, committed 768K, reserved 1048576K
Event: 4.464 GC heap after
Heap after GC invocations=6 (full 1):
 PSYoungGen      total 272896K, used 2013K [0x00000000eab00000, 0x00000000fc000000, 0x0000000100000000)
  eden space 262144K, 0% used [0x00000000eab00000,0x00000000eab00000,0x00000000fab00000)
  from space 10752K, 18% used [0x00000000fab00000,0x00000000facf7538,0x00000000fb580000)
  to   space 10752K, 0% used [0x00000000fb580000,0x00000000fb580000,0x00000000fc000000)
 ParOldGen       total 175104K, used 174780K [0x00000000c0000000, 0x00000000cab00000, 0x00000000eab00000)
  object space 175104K, 99% used [0x00000000c0000000,0x00000000caaaf3b8,0x00000000cab00000)
 Metaspace       used 6464K, capacity 7256K, committed 7424K, reserved 1056768K
  class space    used 614K, capacity 656K, committed 768K, reserved 1048576K
}

Deoptimization events (10 events):
Event: 2.726 Thread 0x0000000001ccf800 Uncommon trap: reason=unstable_if action=reinterpret pc=0x0000000002e08898 method=com.android.dx.cf.code.Merger.mergeType(Lcom/android/dx/rop/type/TypeBearer;Lcom/android/dx/rop/type/TypeBearer;)Lcom/android/dx/rop/type/TypeBearer; @ 126
Event: 2.756 Thread 0x0000000001ccf800 Uncommon trap: reason=class_check action=maybe_recompile pc=0x0000000002ea72b0 method=com.android.dx.cf.code.BaseMachine.addResult(Lcom/android/dx/rop/type/TypeBearer;)V @ 23
Event: 2.756 Thread 0x0000000001ccf800 Uncommon trap: reason=class_check action=maybe_recompile pc=0x0000000002eba35c method=com.android.dx.cf.code.RopperMachine.run(Lcom/android/dx/cf/code/Frame;II)V @ 310
Event: 2.822 Thread 0x0000000001ccf800 Uncommon trap: reason=speculate_class_check action=maybe_recompile pc=0x0000000002e7d320 method=com.android.dx.rop.cst.TypedConstant.getBasicType()I @ 1
Event: 2.829 Thread 0x0000000001ccf800 Uncommon trap: reason=unstable_if action=reinterpret pc=0x0000000002e7cf3c method=com.android.dx.ssa.SCCP.simulateBranch(Lcom/android/dx/ssa/SsaInsn;)V @ 334
Event: 2.844 Thread 0x0000000001ccf800 Uncommon trap: reason=unstable_if action=reinterpret pc=0x0000000002cf3f14 method=com.android.dx.ssa.SCCP.simulateStmt(Lcom/android/dx/ssa/SsaInsn;)V @ 59
Event: 3.220 Thread 0x0000000016955000 Uncommon trap: reason=class_check action=maybe_recompile pc=0x0000000002e3c598 method=com.android.dx.ssa.SsaConverter.placePhiFunctions(Lcom/android/dx/ssa/SsaMethod;Lcom/android/dx/ssa/LocalVariableInfo;I)V @ 257
Event: 3.220 Thread 0x0000000016955000 Uncommon trap: reason=class_check action=maybe_recompile pc=0x0000000002e3c598 method=com.android.dx.ssa.SsaConverter.placePhiFunctions(Lcom/android/dx/ssa/SsaMethod;Lcom/android/dx/ssa/LocalVariableInfo;I)V @ 257
Event: 3.220 Thread 0x0000000016955000 Uncommon trap: reason=class_check action=maybe_recompile pc=0x0000000002e3c598 method=com.android.dx.ssa.SsaConverter.placePhiFunctions(Lcom/android/dx/ssa/SsaMethod;Lcom/android/dx/ssa/LocalVariableInfo;I)V @ 257
Event: 3.220 Thread 0x0000000016955000 Uncommon trap: reason=class_check action=maybe_recompile pc=0x0000000002e3c598 method=com.android.dx.ssa.SsaConverter.placePhiFunctions(Lcom/android/dx/ssa/SsaMethod;Lcom/android/dx/ssa/LocalVariableInfo;I)V @ 257

Internal exceptions (6 events):
Event: 0.034 Thread 0x0000000001ccf800 Exception <a 'java/lang/NoSuchMethodError': Method sun.misc.Unsafe.defineClass(Ljava/lang/String;[BII)Ljava/lang/Class; name or signature does not match> (0x00000000eab0d750) thrown at [C:\re\workspace\8-2-build-windows-amd64-cygwin\jdk8u45\3457\hotspot\srˆ·¶§ò1¡?
Event: 0.034 Thread 0x0000000001ccf800 Exception <a 'java/lang/NoSuchMethodError': Method sun.misc.Unsafe.prefetchRead(Ljava/lang/Object;J)V name or signature does not match> (0x00000000eab0d9e0) thrown at [C:\re\workspace\8-2-build-windows-amd64-cygwin\jdk8u45\3457\hotspot\src\share\vm\prims\jýjO§/­é?
Event: 0.802 Thread 0x0000000016899000 Implicit null exception at 0x0000000002a58892 to 0x0000000002a58985
Event: 1.440 Thread 0x0000000016955000 Exception <a 'java/lang/ArrayIndexOutOfBoundsException': 18> (0x00000000ed9f4fd0) thrown at [C:\re\workspace\8-2-build-windows-amd64-cygwin\jdk8u45\3457\hotspot\src\share\vm\interpreter\interpreterRuntime.cpp, line 366]
Event: 1.440 Thread 0x0000000016955000 Exception <a 'java/lang/ArrayIndexOutOfBoundsException': 145> (0x00000000ed9f6aa0) thrown at [C:\re\workspace\8-2-build-windows-amd64-cygwin\jdk8u45\3457\hotspot\src\share\vm\interpreter\interpreterRuntime.cpp, line 366]
Event: 1.441 Thread 0x0000000016955000 Exception <a 'java/lang/ArrayIndexOutOfBoundsException': 40> (0x00000000ed9f7cd8) thrown at [C:\re\workspace\8-2-build-windows-amd64-cygwin\jdk8u45\3457\hotspot\src\share\vm\interpreter\interpreterRuntime.cpp, line 366]

Events (10 events):
Event: 3.220 Thread 0x0000000016955000 DEOPT PACKING pc=0x0000000002e3c598 sp=0x000000001826e870
Event: 3.220 Thread 0x0000000016955000 DEOPT UNPACKING pc=0x000000000273582a sp=0x000000001826e8b8 mode 2
Event: 3.276 Thread 0x0000000001ccf800 DEOPT PACKING pc=0x0000000002dd75e2 sp=0x000000000241e490
Event: 3.276 Thread 0x0000000001ccf800 DEOPT UNPACKING pc=0x000000000273787f sp=0x000000000241e2c0 mode 0
Event: 3.352 Executing VM operation: ParallelGCFailedAllocation
Event: 4.465 Executing VM operation: ParallelGCFailedAllocation done
Event: 4.469 Thread 0x0000000016820000 DEOPT PACKING pc=0x0000000002bdbcdc sp=0x0000000016e7e570
Event: 4.469 Thread 0x0000000016820000 DEOPT UNPACKING pc=0x000000000273787f sp=0x0000000016e7e3a0 mode 0
Event: 4.564 Thread 0x0000000016899000 DEOPT PACKING pc=0x0000000002bdbcdc sp=0x0000000017cfe700
Event: 4.564 Thread 0x0000000016899000 DEOPT UNPACKING pc=0x000000000273787f sp=0x0000000017cfe530 mode 0


Dynamic libraries:
0x000000013fa00000 - 0x000000013fa37000 	C:\Program Files\Java\jdk1.8.0_45\bin\java.exe
0x0000000076d30000 - 0x0000000076ed9000 	C:\Windows\SYSTEM32\ntdll.dll
0x0000000076c10000 - 0x0000000076d2f000 	C:\Windows\system32\kernel32.dll
0x000007fefcb10000 - 0x000007fefcb7c000 	C:\Windows\system32\KERNELBASE.dll
0x000007fefec10000 - 0x000007fefeceb000 	C:\Windows\system32\ADVAPI32.dll
0x000007fefcfd0000 - 0x000007fefd06f000 	C:\Windows\system32\msvcrt.dll
0x000007fefd070000 - 0x000007fefd08f000 	C:\Windows\SYSTEM32\sechost.dll
0x000007fefd3d0000 - 0x000007fefd4fd000 	C:\Windows\system32\RPCRT4.dll
0x0000000076b10000 - 0x0000000076c0a000 	C:\Windows\system32\USER32.dll
0x000007fefea10000 - 0x000007fefea77000 	C:\Windows\system32\GDI32.dll
0x000007fefdae0000 - 0x000007fefdaee000 	C:\Windows\system32\LPK.dll
0x000007fefea80000 - 0x000007fefeb4a000 	C:\Windows\system32\USP10.dll
0x000007fefb6c0000 - 0x000007fefb8b4000 	C:\Windows\WinSxS\amd64_microsoft.windows.common-controls_6595b64144ccf1df_6.0.7601.18837_none_fa3b1e3d17594757\COMCTL32.dll
0x000007fefefc0000 - 0x000007feff031000 	C:\Windows\system32\SHLWAPI.dll
0x000007fefce90000 - 0x000007fefcebe000 	C:\Windows\system32\IMM32.DLL
0x000007fefcec0000 - 0x000007fefcfc9000 	C:\Windows\system32\MSCTF.dll
0x0000000054230000 - 0x0000000054302000 	C:\Program Files\Java\jdk1.8.0_45\jre\bin\msvcr100.dll
0x000000006f4d0000 - 0x000000006fd53000 	C:\Program Files\Java\jdk1.8.0_45\jre\bin\server\jvm.dll
0x000007fefab00000 - 0x000007fefab09000 	C:\Windows\system32\WSOCK32.dll
0x000007fefd380000 - 0x000007fefd3cd000 	C:\Windows\system32\WS2_32.dll
0x000007fefe900000 - 0x000007fefe908000 	C:\Windows\system32\NSI.dll
0x000007fefa760000 - 0x000007fefa79b000 	C:\Windows\system32\WINMM.dll
0x000007fefbbb0000 - 0x000007fefbbbc000 	C:\Windows\system32\VERSION.dll
0x0000000076ef0000 - 0x0000000076ef7000 	C:\Windows\system32\PSAPI.DLL
0x0000000052660000 - 0x000000005266f000 	C:\Program Files\Java\jdk1.8.0_45\jre\bin\verify.dll
0x0000000052630000 - 0x0000000052659000 	C:\Program Files\Java\jdk1.8.0_45\jre\bin\java.dll
0x0000000051af0000 - 0x0000000051b06000 	C:\Program Files\Java\jdk1.8.0_45\jre\bin\zip.dll
0x000007fefdaf0000 - 0x000007fefe879000 	C:\Windows\system32\SHELL32.dll
0x000007fefd090000 - 0x000007fefd293000 	C:\Windows\system32\ole32.dll
0x000007fefcae0000 - 0x000007fefcaef000 	C:\Windows\system32\profapi.dll
0x000007fef8ca0000 - 0x000007fef8dc5000 	C:\Windows\system32\dbghelp.dll

VM Arguments:
jvm_args: -Djava.awt.headless=true -Xmx1024M -Dfile.encoding=windows-1252 -Duser.country=US -Duser.language=en -Duser.variant 
java_command: com.android.dx.command.Main --dex --num-threads=4 --output C:\Users\erald.kerluku\AndroidStudioProjects\SpeedTaxi\app\build\intermediates\pre-dexed\debug\com.google.android.gms-play-services-ads-8.4.0_df155e9ddd026da2f1ca00191aeea3f0a02cc72e.jar C:\Users\erald.kerluku\AndroidStudioProjects\SpeedTaxi\app\build\intermediates\exploded-aar\com.google.android.gms\play-services-ads\8.4.0\jars\classes.jar
java_class_path (initial): C:\Users\erald.kerluku\AppData\Local\Android\sdk\build-tools\23.0.2\lib\dx.jar
Launcher Type: SUN_STANDARD

Environment Variables:
CLASSPATH=.;C:\Program Files (x86)\Java\jre1.8.0_51\lib\ext\QTJava.zip
PATH=C:\ProgramData\Oracle\Java\javapath;C:\Program Files (x86)\Intel\iCLS Client\;C:\Program Files\Intel\iCLS Client\;C:\Windows\system32;C:\Windows;C:\Windows\System32\Wbem;C:\Windows\System32\WindowsPowerShell\v1.0\;C:\Program Files\Intel\Intel(R) Management Engine Components\DAL;C:\Program Files\Intel\Intel(R) Management Engine Components\IPT;C:\Program Files (x86)\Intel\Intel(R) Management Engine Components\DAL;C:\Program Files (x86)\Intel\Intel(R) Management Engine Components\IPT;C:\Program Files (x86)\Skype\Phone\;C:\Program Files (x86)\QuickTime\QTSystem\;C:\Program Files\Microsoft SQL Server\120\Tools\Binn\;C:\Program Files (x86)\Windows Kits\8.1\Windows Performance Toolkit\;C:\Program Files\Microsoft SQL Server\110\Tools\Binn\;C:\Program Files (x86)\Microsoft SDKs\TypeScript\1.0\;E:\ndk;C:\Program Files\MATLAB\R2015b\bin;C:\Program Files (x86)\GtkSharp\2.12\bin
USERNAME=Erald.Kerluku
OS=Windows_NT
PROCESSOR_IDENTIFIER=Intel64 Family 6 Model 60 Stepping 3, GenuineIntel



---------------  S Y S T E M  ---------------

OS: Windows 7 , 64 bit Build 7601 (6.1.7601.19110)

CPU:total 4 (4 cores per cpu, 1 threads per core) family 6 model 60 stepping 3, cmov, cx8, fxsr, mmx, sse, sse2, sse3, ssse3, sse4.1, sse4.2, popcnt, avx, avx2, aes, clmul, erms, rtm, lzcnt, tsc, tscinvbit, bmi1, bmi2

Memory: 4k page, physical 16701344k(1921248k free), swap 16699508k(2128k free)

vm_info: Java HotSpot(TM) 64-Bit Server VM (25.45-b02) for windows-amd64 JRE (1.8.0_45-b14), built on Apr 10 2015 10:34:15 by "java_re" with MS VC++ 10.0 (VS2010)

time: Mon Feb 01 18:47:51 2016
elapsed time: 4 seconds (0d 0h 0m 4s)

