#
# There is insufficient memory for the Java Runtime Environment to continue.
# Native memory allocation (malloc) failed to allocate 1367696 bytes for Chunk::new
# Possible reasons:
#   The system is out of physical RAM or swap space
#   In 32 bit mode, the process size limit was hit
# Possible solutions:
#   Reduce memory load on the system
#   Increase physical memory or swap space
#   Check if swap backing store is full
#   Use 64 bit Java on a 64 bit OS
#   Decrease Java heap size (-Xmx/-Xms)
#   Decrease number of Java threads
#   Decrease Java thread stack sizes (-Xss)
#   Set larger code cache with -XX:ReservedCodeCacheSize=
# This output file may be truncated or incomplete.
#
#  Out of Memory Error (allocation.cpp:390), pid=18220, tid=17064
#
# JRE version: Java(TM) SE Runtime Environment (8.0_45-b14) (build 1.8.0_45-b14)
# Java VM: Java HotSpot(TM) 64-Bit Server VM (25.45-b02 mixed mode windows-amd64 compressed oops)
# Failed to write core dump. Minidumps are not enabled by default on client versions of Windows
#

---------------  T H R E A D  ---------------

Current thread (0x0000000014ff0800):  JavaThread "C2 CompilerThread1" daemon [_thread_in_native, id=17064, stack(0x0000000016660000,0x0000000016760000)]

Stack: [0x0000000016660000,0x0000000016760000]
Native frames: (J=compiled Java code, j=interpreted, Vv=VM code, C=native code)
V  [jvm.dll+0x32b57a]
V  [jvm.dll+0x279873]
V  [jvm.dll+0x27a509]
V  [jvm.dll+0x271825]
V  [jvm.dll+0xcb9e2]
V  [jvm.dll+0xcbeac]
V  [jvm.dll+0x49298c]
V  [jvm.dll+0x45f6ff]
V  [jvm.dll+0x46a73b]
V  [jvm.dll+0x46cd52]
V  [jvm.dll+0x4500f2]
V  [jvm.dll+0xa4352]
V  [jvm.dll+0xa4c8f]
V  [jvm.dll+0x241984]
V  [jvm.dll+0x29853a]
C  [msvcr100.dll+0x21d9f]
C  [msvcr100.dll+0x21e3b]
C  [KERNEL32.DLL+0x18102]
C  [ntdll.dll+0x5c5b4]


Current CompileTask:
C2:   3985 1823   !   4       com.android.dx.cf.code.BytecodeArray::parseInstruction (2764 bytes)


---------------  P R O C E S S  ---------------

Java Threads: ( => current thread )
  0x000000001676d000 JavaThread "Service Thread" daemon [_thread_blocked, id=15968, stack(0x0000000016c60000,0x0000000016d60000)]
  0x0000000016768800 JavaThread "C1 CompilerThread2" daemon [_thread_blocked, id=19464, stack(0x0000000016b60000,0x0000000016c60000)]
=>0x0000000014ff0800 JavaThread "C2 CompilerThread1" daemon [_thread_in_native, id=17064, stack(0x0000000016660000,0x0000000016760000)]
  0x0000000014feb800 JavaThread "C2 CompilerThread0" daemon [_thread_in_native, id=20948, stack(0x0000000016560000,0x0000000016660000)]
  0x0000000014fe9800 JavaThread "Attach Listener" daemon [_thread_blocked, id=19040, stack(0x0000000016460000,0x0000000016560000)]
  0x0000000014fe8000 JavaThread "Signal Dispatcher" daemon [_thread_blocked, id=7072, stack(0x0000000016360000,0x0000000016460000)]
  0x0000000002911000 JavaThread "Finalizer" daemon [_thread_blocked, id=21260, stack(0x0000000016260000,0x0000000016360000)]
  0x000000000290e000 JavaThread "Reference Handler" daemon [_thread_blocked, id=16200, stack(0x0000000016160000,0x0000000016260000)]
  0x000000000281e000 JavaThread "main" [_thread_in_Java, id=16876, stack(0x0000000002650000,0x0000000002750000)]

Other Threads:
  0x0000000014fb7800 VMThread [stack: 0x0000000016060000,0x0000000016160000] [id=6424]
  0x000000001676e800 WatcherThread [stack: 0x0000000016d60000,0x0000000016e60000] [id=936]

VM state:not at safepoint (normal execution)

VM Mutex/Monitor currently owned by a thread: None

Heap:
 PSYoungGen      total 76288K, used 72515K [0x00000000eab00000, 0x00000000f4000000, 0x0000000100000000)
  eden space 65536K, 95% used [0x00000000eab00000,0x00000000ee7ef920,0x00000000eeb00000)
  from space 10752K, 94% used [0x00000000eeb00000,0x00000000ef4e14e0,0x00000000ef580000)
  to   space 10752K, 0% used [0x00000000f3580000,0x00000000f3580000,0x00000000f4000000)
 ParOldGen       total 175104K, used 16K [0x00000000c0000000, 0x00000000cab00000, 0x00000000eab00000)
  object space 175104K, 0% used [0x00000000c0000000,0x00000000c0004000,0x00000000cab00000)
 Metaspace       used 6722K, capacity 7568K, committed 7936K, reserved 1056768K
  class space    used 614K, capacity 648K, committed 768K, reserved 1048576K

Card table byte_map: [0x0000000011ce0000,0x0000000011ef0000] byte_map_base: 0x00000000116e0000

Marking Bits: (ParMarkBitMap*) 0x00000000712f4040
 Begin Bits: [0x0000000012450000, 0x0000000013450000)
 End Bits:   [0x0000000013450000, 0x0000000014450000)

Polling page: 0x0000000002580000

CodeCache: size=245760Kb used=9184Kb max_used=9184Kb free=236575Kb
 bounds [0x0000000002920000, 0x0000000003220000, 0x0000000011920000]
 total_blobs=2494 nmethods=2223 adapters=183
 compilation: enabled

Compilation events (10 events):
Event: 3.849 Thread 0x0000000016768800 2130       1       com.android.dx.dex.code.CatchHandlerList$Entry::getExceptionType (5 bytes)
Event: 3.849 Thread 0x0000000016768800 nmethod 2130 0x00000000031b2290 code [0x00000000031b23e0, 0x00000000031b24f0]
Event: 3.850 Thread 0x0000000016768800 2131       3       com.android.dx.dex.code.InsnFormat::signedFitsInShort (12 bytes)
Event: 3.850 Thread 0x0000000016768800 nmethod 2131 0x00000000031b1f10 code [0x00000000031b2060, 0x00000000031b21f0]
Event: 3.850 Thread 0x0000000016768800 2132       3       com.android.dx.dex.code.CatchHandlerList::get (9 bytes)
Event: 3.851 Thread 0x0000000016768800 nmethod 2132 0x00000000031b1a10 code [0x00000000031b1b80, 0x00000000031b1e68]
Event: 3.852 Thread 0x0000000016768800 2134       3       com.android.dx.dex.file.StringIdsSection::get (49 bytes)
Event: 3.852 Thread 0x0000000016768800 nmethod 2134 0x00000000031b7690 code [0x00000000031b7880, 0x00000000031b80d8]
Event: 3.862 Thread 0x0000000016768800 2138       3       com.android.dx.dex.code.form.Form12x::isCompatible (119 bytes)
Event: 3.862 Thread 0x0000000016768800 nmethod 2138 0x00000000031b83d0 code [0x00000000031b8620, 0x00000000031b9be8]

GC Heap History (2 events):
Event: 2.761 GC heap before
{Heap before GC invocations=1 (full 0):
 PSYoungGen      total 76288K, used 65536K [0x00000000eab00000, 0x00000000f0000000, 0x0000000100000000)
  eden space 65536K, 100% used [0x00000000eab00000,0x00000000eeb00000,0x00000000eeb00000)
  from space 10752K, 0% used [0x00000000ef580000,0x00000000ef580000,0x00000000f0000000)
  to   space 10752K, 0% used [0x00000000eeb00000,0x00000000eeb00000,0x00000000ef580000)
 ParOldGen       total 175104K, used 0K [0x00000000c0000000, 0x00000000cab00000, 0x00000000eab00000)
  object space 175104K, 0% used [0x00000000c0000000,0x00000000c0000000,0x00000000cab00000)
 Metaspace       used 6201K, capacity 7088K, committed 7296K, reserved 1056768K
  class space    used 590K, capacity 616K, committed 640K, reserved 1048576K
Event: 2.899 GC heap after
Heap after GC invocations=1 (full 0):
 PSYoungGen      total 76288K, used 10117K [0x00000000eab00000, 0x00000000f4000000, 0x0000000100000000)
  eden space 65536K, 0% used [0x00000000eab00000,0x00000000eab00000,0x00000000eeb00000)
  from space 10752K, 94% used [0x00000000eeb00000,0x00000000ef4e14e0,0x00000000ef580000)
  to   space 10752K, 0% used [0x00000000f3580000,0x00000000f3580000,0x00000000f4000000)
 ParOldGen       total 175104K, used 16K [0x00000000c0000000, 0x00000000cab00000, 0x00000000eab00000)
  object space 175104K, 0% used [0x00000000c0000000,0x00000000c0004000,0x00000000cab00000)
 Metaspace       used 6201K, capacity 7088K, committed 7296K, reserved 1056768K
  class space    used 590K, capacity 616K, committed 640K, reserved 1048576K
}

Deoptimization events (10 events):
Event: 3.586 Thread 0x000000000281e000 Uncommon trap: reason=class_check action=maybe_recompile pc=0x0000000002e6ee84 method=java.util.HashMap.putVal(ILjava/lang/Object;Ljava/lang/Object;ZZ)Ljava/lang/Object; @ 203
Event: 3.586 Thread 0x000000000281e000 Uncommon trap: reason=class_check action=maybe_recompile pc=0x0000000002e6ee84 method=java.util.HashMap.putVal(ILjava/lang/Object;Ljava/lang/Object;ZZ)Ljava/lang/Object; @ 203
Event: 3.586 Thread 0x000000000281e000 Uncommon trap: reason=class_check action=maybe_recompile pc=0x0000000002e6ee84 method=java.util.HashMap.putVal(ILjava/lang/Object;Ljava/lang/Object;ZZ)Ljava/lang/Object; @ 203
Event: 3.586 Thread 0x000000000281e000 Uncommon trap: reason=class_check action=maybe_recompile pc=0x0000000002e6ee84 method=java.util.HashMap.putVal(ILjava/lang/Object;Ljava/lang/Object;ZZ)Ljava/lang/Object; @ 203
Event: 3.703 Thread 0x000000000281e000 Uncommon trap: reason=speculate_class_check action=maybe_recompile pc=0x0000000002d4e29c method=com.android.dx.util.FixedSizeList.equals(Ljava/lang/Object;)Z @ 25
Event: 3.703 Thread 0x000000000281e000 Uncommon trap: reason=speculate_class_check action=maybe_recompile pc=0x0000000002d4e29c method=com.android.dx.util.FixedSizeList.equals(Ljava/lang/Object;)Z @ 25
Event: 3.703 Thread 0x000000000281e000 Uncommon trap: reason=speculate_class_check action=maybe_recompile pc=0x0000000002d4e29c method=com.android.dx.util.FixedSizeList.equals(Ljava/lang/Object;)Z @ 25
Event: 3.703 Thread 0x000000000281e000 Uncommon trap: reason=speculate_class_check action=maybe_recompile pc=0x0000000002d4e29c method=com.android.dx.util.FixedSizeList.equals(Ljava/lang/Object;)Z @ 25
Event: 3.821 Thread 0x000000000281e000 Uncommon trap: reason=unstable_if action=reinterpret pc=0x0000000003128648 method=java.util.TreeMap.put(Ljava/lang/Object;Ljava/lang/Object;)Ljava/lang/Object; @ 163
Event: 3.841 Thread 0x000000000281e000 Uncommon trap: reason=unstable_if action=reinterpret pc=0x00000000031ac144 method=com.android.dx.dex.code.LocalList$MakeState.aboutToProcess(II)V @ 54

Internal exceptions (2 events):
Event: 0.224 Thread 0x000000000281e000 Exception <a 'java/lang/NoSuchMethodError': Method sun.misc.Unsafe.defineClass(Ljava/lang/String;[BII)Ljava/lang/Class; name or signature does not match> (0x00000000eab0d808) thrown at [C:\re\workspace\8-2-build-windows-amd64-cygwin\jdk8u45\3457\hotspot\srõÏ∞–ùÃ?
Event: 0.224 Thread 0x000000000281e000 Exception <a 'java/lang/NoSuchMethodError': Method sun.misc.Unsafe.prefetchRead(Ljava/lang/Object;J)V name or signature does not match> (0x00000000eab0da98) thrown at [C:\re\workspace\8-2-build-windows-amd64-cygwin\jdk8u45\3457\hotspot\src\share\vm\prims\j

Events (10 events):
Event: 3.794 loading class com/android/dx/rop/code/RegisterSpecList$Expander
Event: 3.794 loading class com/android/dx/rop/code/RegisterSpecList$Expander done
Event: 3.821 Executing VM operation: ForceSafepoint
Event: 3.821 Executing VM operation: ForceSafepoint done
Event: 3.821 Thread 0x000000000281e000 Uncommon trap: trap_request=0xffffff65 fr.pc=0x0000000003128648
Event: 3.821 Thread 0x000000000281e000 DEOPT PACKING pc=0x0000000003128648 sp=0x000000000274ed50
Event: 3.821 Thread 0x000000000281e000 DEOPT UNPACKING pc=0x000000000296582a sp=0x000000000274ecf0 mode 2
Event: 3.841 Thread 0x000000000281e000 Uncommon trap: trap_request=0xffffff65 fr.pc=0x00000000031ac144
Event: 3.841 Thread 0x000000000281e000 DEOPT PACKING pc=0x00000000031ac144 sp=0x000000000274eba0
Event: 3.841 Thread 0x000000000281e000 DEOPT UNPACKING pc=0x000000000296582a sp=0x000000000274eb58 mode 2


Dynamic libraries:
0x00007ff7338a0000 - 0x00007ff7338d7000 	C:\Program Files\Java\jdk1.8.0_45\bin\java.exe
0x00007ff883eb0000 - 0x00007ff884071000 	C:\WINDOWS\SYSTEM32\ntdll.dll
0x00007ff883e00000 - 0x00007ff883ead000 	C:\WINDOWS\system32\KERNEL32.DLL
0x00007ff880760000 - 0x00007ff880948000 	C:\WINDOWS\system32\KERNELBASE.dll
0x00007ff881bd0000 - 0x00007ff881c77000 	C:\WINDOWS\system32\ADVAPI32.dll
0x00007ff883c00000 - 0x00007ff883c9d000 	C:\WINDOWS\system32\msvcrt.dll
0x00007ff881e30000 - 0x00007ff881e8b000 	C:\WINDOWS\system32\sechost.dll
0x00007ff883ce0000 - 0x00007ff883dfc000 	C:\WINDOWS\system32\RPCRT4.dll
0x00007ff882490000 - 0x00007ff8825e6000 	C:\WINDOWS\system32\USER32.dll
0x00007ff881e90000 - 0x00007ff882016000 	C:\WINDOWS\system32\GDI32.dll
0x00007ff879070000 - 0x00007ff8792e4000 	C:\WINDOWS\WinSxS\amd64_microsoft.windows.common-controls_6595b64144ccf1df_6.0.10586.0_none_8c15ae12515e1c22\COMCTL32.dll
0x00007ff8820d0000 - 0x00007ff88234d000 	C:\WINDOWS\system32\combase.dll
0x00007ff880950000 - 0x00007ff8809ba000 	C:\WINDOWS\system32\bcryptPrimitives.dll
0x00007ff883ca0000 - 0x00007ff883cdb000 	C:\WINDOWS\system32\IMM32.DLL
0x0000000070730000 - 0x0000000070802000 	C:\Program Files\Java\jdk1.8.0_45\jre\bin\msvcr100.dll
0x0000000070af0000 - 0x0000000071373000 	C:\Program Files\Java\jdk1.8.0_45\jre\bin\server\jvm.dll
0x00007ff8825f0000 - 0x00007ff8825f8000 	C:\WINDOWS\system32\PSAPI.DLL
0x00007ff873a00000 - 0x00007ff873a09000 	C:\WINDOWS\SYSTEM32\WSOCK32.dll
0x00007ff8823b0000 - 0x00007ff88241b000 	C:\WINDOWS\system32\WS2_32.dll
0x00007ff87ebf0000 - 0x00007ff87ec13000 	C:\WINDOWS\SYSTEM32\WINMM.dll
0x00007ff877f60000 - 0x00007ff877f6a000 	C:\WINDOWS\SYSTEM32\VERSION.dll
0x00007ff87eb90000 - 0x00007ff87ebbc000 	C:\WINDOWS\SYSTEM32\WINMMBASE.dll
0x00007ff880a20000 - 0x00007ff880a63000 	C:\WINDOWS\system32\cfgmgr32.dll
0x0000000071470000 - 0x000000007147f000 	C:\Program Files\Java\jdk1.8.0_45\jre\bin\verify.dll
0x0000000071440000 - 0x0000000071469000 	C:\Program Files\Java\jdk1.8.0_45\jre\bin\java.dll
0x0000000071420000 - 0x0000000071436000 	C:\Program Files\Java\jdk1.8.0_45\jre\bin\zip.dll
0x00007ff882600000 - 0x00007ff883b5c000 	C:\WINDOWS\system32\SHELL32.dll
0x00007ff880c40000 - 0x00007ff881284000 	C:\WINDOWS\system32\windows.storage.dll
0x00007ff8818b0000 - 0x00007ff881902000 	C:\WINDOWS\system32\shlwapi.dll
0x00007ff8804b0000 - 0x00007ff8804bf000 	C:\WINDOWS\system32\kernel.appcore.dll
0x00007ff880610000 - 0x00007ff8806c5000 	C:\WINDOWS\system32\shcore.dll
0x00007ff8804e0000 - 0x00007ff88052b000 	C:\WINDOWS\system32\powrprof.dll
0x00007ff8804c0000 - 0x00007ff8804d4000 	C:\WINDOWS\system32\profapi.dll
0x00007ff86aab0000 - 0x00007ff86ac3c000 	C:\WINDOWS\SYSTEM32\dbghelp.dll

VM Arguments:
jvm_args: -Djava.awt.headless=true -Xmx1024M -Dfile.encoding=windows-1252 -Duser.country=US -Duser.language=en -Duser.variant 
java_command: com.android.dx.command.Main --dex --force-jumbo --num-threads=4 --output C:\Users\erald.kerluku\AndroidStudioProjects\SpeedTaxi\app\build\intermediates\pre-dexed\debug\internal_impl-23.1.1_7af2268646522c386e672a6faa5c194cac9a2c77.jar C:\Users\erald.kerluku\AndroidStudioProjects\SpeedTaxi\app\build\intermediates\exploded-aar\com.android.support\support-v4\23.1.1\jars\libs\internal_impl-23.1.1.jar
java_class_path (initial): C:\Users\erald.kerluku\AppData\Local\Android\sdk\build-tools\23.0.2\lib\dx.jar
Launcher Type: SUN_STANDARD

Environment Variables:
CLASSPATH=.;C:\Program Files (x86)\Java\jre1.8.0_51\lib\ext\QTJava.zip
PATH=C:\ProgramData\Oracle\Java\javapath;C:\Program Files (x86)\Intel\iCLS Client\;C:\Program Files\Intel\iCLS Client\;C:\WINDOWS\system32;C:\WINDOWS;C:\WINDOWS\System32\Wbem;C:\WINDOWS\System32\WindowsPowerShell\v1.0\;C:\Program Files\Intel\Intel(R) Management Engine Components\DAL;C:\Program Files\Intel\Intel(R) Management Engine Components\IPT;C:\Program Files (x86)\Intel\Intel(R) Management Engine Components\DAL;C:\Program Files (x86)\Intel\Intel(R) Management Engine Components\IPT;C:\Program Files (x86)\QuickTime\QTSystem\;C:\Program Files\Microsoft SQL Server\120\Tools\Binn\;C:\Program Files (x86)\Windows Kits\8.1\Windows Performance Toolkit\;C:\Program Files\Microsoft SQL Server\110\Tools\Binn\;C:\Program Files (x86)\Microsoft SDKs\TypeScript\1.0\;E:\ndk;C:\Program Files\MATLAB\R2015b\bin;C:\Program Files (x86)\GtkSharp\2.12\bin;C:\Program Files\Java\jdk1.8.0_45\bin;C:\OpenSSL-Win64\bin;C:\Program Files (x86)\Skype\Phone\;C:\Program Files\Microsoft SQL Server\130\Tools\Binn\
USERNAME=Erald.Kerluku
OS=Windows_NT
PROCESSOR_IDENTIFIER=Intel64 Family 6 Model 60 Stepping 3, GenuineIntel



---------------  S Y S T E M  ---------------

OS: Windows 10.0 , 64 bit Build 10586 (10.0.10586.0)

CPU:total 4 (4 cores per cpu, 1 threads per core) family 6 model 60 stepping 3, cmov, cx8, fxsr, mmx, sse, sse2, sse3, ssse3, sse4.1, sse4.2, popcnt, avx, avx2, aes, clmul, erms, lzcnt, tsc, tscinvbit, bmi1, bmi2

Memory: 4k page, physical 16701340k(4086392k free), swap 16701340k(2552k free)

vm_info: Java HotSpot(TM) 64-Bit Server VM (25.45-b02) for windows-amd64 JRE (1.8.0_45-b14), built on Apr 10 2015 10:34:15 by "java_re" with MS VC++ 10.0 (VS2010)

time: Fri Jul 08 11:50:05 2016
elapsed time: 3 seconds (0d 0h 0m 3s)

