#
# There is insufficient memory for the Java Runtime Environment to continue.
# Native memory allocation (malloc) failed to allocate 1048576 bytes for AllocateHeap
# Possible reasons:
#   The system is out of physical RAM or swap space
#   In 32 bit mode, the process size limit was hit
# Possible solutions:
#   Reduce memory load on the system
#   Increase physical memory or swap space
#   Check if swap backing store is full
#   Use 64 bit Java on a 64 bit OS
#   Decrease Java heap size (-Xmx/-Xms)
#   Decrease number of Java threads
#   Decrease Java thread stack sizes (-Xss)
#   Set larger code cache with -XX:ReservedCodeCacheSize=
# This output file may be truncated or incomplete.
#
#  Out of Memory Error (memory/allocation.inline.hpp:61), pid=10640, tid=6444
#
# JRE version:  (8.0_45-b14) (build )
# Java VM: Java HotSpot(TM) 64-Bit Server VM (25.45-b02 mixed mode windows-amd64 compressed oops)
# Failed to write core dump. Minidumps are not enabled by default on client versions of Windows
#

---------------  T H R E A D  ---------------

Current thread (0x00000000021ee000):  JavaThread "Unknown thread" [_thread_in_vm, id=6444, stack(0x00000000020a0000,0x00000000021a0000)]

Stack: [0x00000000020a0000,0x00000000021a0000]
Native frames: (J=compiled Java code, j=interpreted, Vv=VM code, C=native code)
V  [jvm.dll+0x32b57a]
V  [jvm.dll+0x279873]
V  [jvm.dll+0x27a509]
V  [jvm.dll+0x271825]
V  [jvm.dll+0x1606]
V  [jvm.dll+0x270892]
V  [jvm.dll+0x3eee4a]
V  [jvm.dll+0x3ea7a7]
V  [jvm.dll+0xf2cf2]
V  [jvm.dll+0x20f0c9]
V  [jvm.dll+0x240e0a]
V  [jvm.dll+0x15ba41]
C  [java.exe+0x216e]
C  [java.exe+0xcce7]
C  [java.exe+0xcd7b]
C  [KERNEL32.DLL+0x18102]
C  [ntdll.dll+0x5c5b4]


---------------  P R O C E S S  ---------------

Java Threads: ( => current thread )

Other Threads:

=>0x00000000021ee000 (exited) JavaThread "Unknown thread" [_thread_in_vm, id=6444, stack(0x00000000020a0000,0x00000000021a0000)]

VM state:not at safepoint (normal execution)

VM Mutex/Monitor currently owned by a thread: None

Heap:
 PSYoungGen      total 76288K, used 1310K [0x00000000eab00000, 0x00000000f0000000, 0x0000000100000000)
  eden space 65536K, 2% used [0x00000000eab00000,0x00000000eac47af0,0x00000000eeb00000)
  from space 10752K, 0% used [0x00000000ef580000,0x00000000ef580000,0x00000000f0000000)
  to   space 10752K, 0% used [0x00000000eeb00000,0x00000000eeb00000,0x00000000ef580000)
 ParOldGen       total 175104K, used 0K [0x00000000c0000000, 0x00000000cab00000, 0x00000000eab00000)
  object space 175104K, 0% used [0x00000000c0000000,0x00000000c0000000,0x00000000cab00000)
 Metaspace       used 766K, capacity 4480K, committed 4480K, reserved 1056768K
  class space    used 75K, capacity 384K, committed 384K, reserved 1048576K

Card table byte_map: [0x00000000116b0000,0x00000000118c0000] byte_map_base: 0x00000000110b0000

Marking Bits: (ParMarkBitMap*) 0x0000000050d94040
 Begin Bits: [0x0000000011e20000, 0x0000000012e20000)
 End Bits:   [0x0000000012e20000, 0x0000000013e20000)

Polling page: 0x0000000000710000

CodeCache: size=245760Kb used=328Kb max_used=328Kb free=245431Kb
 bounds [0x00000000022f0000, 0x0000000002560000, 0x00000000112f0000]
 total_blobs=57 nmethods=0 adapters=37
 compilation: enabled

Compilation events (0 events):
No events

GC Heap History (0 events):
No events

Deoptimization events (0 events):
No events

Internal exceptions (0 events):
No events

Events (10 events):
Event: 0.031 loading class java/lang/Short
Event: 0.031 loading class java/lang/Short done
Event: 0.031 loading class java/lang/Integer
Event: 0.031 loading class java/lang/Integer done
Event: 0.031 loading class java/lang/Long
Event: 0.031 loading class java/lang/Long done
Event: 0.032 loading class java/lang/NullPointerException
Event: 0.032 loading class java/lang/NullPointerException done
Event: 0.033 loading class java/lang/ArithmeticException
Event: 0.033 loading class java/lang/ArithmeticException done


Dynamic libraries:
0x00007ff7558f0000 - 0x00007ff755927000 	C:\Program Files\Java\jdk1.8.0_45\bin\java.exe
0x00007fff6de50000 - 0x00007fff6e011000 	C:\WINDOWS\SYSTEM32\ntdll.dll
0x00007fff6dda0000 - 0x00007fff6de4d000 	C:\WINDOWS\system32\KERNEL32.DLL
0x00007fff6a600000 - 0x00007fff6a7e8000 	C:\WINDOWS\system32\KERNELBASE.dll
0x00007fff6da70000 - 0x00007fff6db17000 	C:\WINDOWS\system32\ADVAPI32.dll
0x00007fff6d690000 - 0x00007fff6d72d000 	C:\WINDOWS\system32\msvcrt.dll
0x00007fff6d120000 - 0x00007fff6d17b000 	C:\WINDOWS\system32\sechost.dll
0x00007fff6d4d0000 - 0x00007fff6d5ec000 	C:\WINDOWS\system32\RPCRT4.dll
0x00007fff6ceb0000 - 0x00007fff6d006000 	C:\WINDOWS\system32\USER32.dll
0x00007fff6b7a0000 - 0x00007fff6b926000 	C:\WINDOWS\system32\GDI32.dll
0x00007fff63580000 - 0x00007fff637f4000 	C:\WINDOWS\WinSxS\amd64_microsoft.windows.common-controls_6595b64144ccf1df_6.0.10586.0_none_8c15ae12515e1c22\COMCTL32.dll
0x00007fff6db20000 - 0x00007fff6dd9d000 	C:\WINDOWS\system32\combase.dll
0x00007fff6a590000 - 0x00007fff6a5fa000 	C:\WINDOWS\system32\bcryptPrimitives.dll
0x00007fff6d650000 - 0x00007fff6d68b000 	C:\WINDOWS\system32\IMM32.DLL
0x0000000077c80000 - 0x0000000077d52000 	C:\Program Files\Java\jdk1.8.0_45\jre\bin\msvcr100.dll
0x0000000050590000 - 0x0000000050e13000 	C:\Program Files\Java\jdk1.8.0_45\jre\bin\server\jvm.dll
0x00007fff6b230000 - 0x00007fff6b238000 	C:\WINDOWS\system32\PSAPI.DLL
0x00007fff5d9d0000 - 0x00007fff5d9d9000 	C:\WINDOWS\SYSTEM32\WSOCK32.dll
0x00007fff6d340000 - 0x00007fff6d3ab000 	C:\WINDOWS\system32\WS2_32.dll
0x00007fff68a20000 - 0x00007fff68a43000 	C:\WINDOWS\SYSTEM32\WINMM.dll
0x00007fff5fc50000 - 0x00007fff5fc5a000 	C:\WINDOWS\SYSTEM32\VERSION.dll
0x00007fff68970000 - 0x00007fff6899c000 	C:\WINDOWS\SYSTEM32\WINMMBASE.dll
0x00007fff6b1e0000 - 0x00007fff6b223000 	C:\WINDOWS\system32\cfgmgr32.dll
0x0000000050340000 - 0x000000005034f000 	C:\Program Files\Java\jdk1.8.0_45\jre\bin\verify.dll
0x00000000501f0000 - 0x0000000050219000 	C:\Program Files\Java\jdk1.8.0_45\jre\bin\java.dll
0x0000000050320000 - 0x0000000050336000 	C:\Program Files\Java\jdk1.8.0_45\jre\bin\zip.dll
0x00007fff65570000 - 0x00007fff656fc000 	C:\WINDOWS\SYSTEM32\dbghelp.dll

VM Arguments:
jvm_args: -Djava.awt.headless=true -Xmx1024M -Dfile.encoding=windows-1252 -Duser.country=US -Duser.language=en -Duser.variant 
java_command: com.android.dx.command.Main --dex --force-jumbo --num-threads=4 --multi-dex --output C:\Users\erald.kerluku\AndroidStudioProjects\SpeedTaxi\app\build\intermediates\transforms\dex\debug\folders\1000\5\slice_3 C:\Users\erald.kerluku\AndroidStudioProjects\SpeedTaxi\app\build\intermediates\transforms\instantRunSlicer\debug\folders\1\5\slice_3
java_class_path (initial): C:\Users\erald.kerluku\AppData\Local\Android\sdk\build-tools\23.0.2\lib\dx.jar
Launcher Type: SUN_STANDARD

Environment Variables:
CLASSPATH=.;C:\Program Files (x86)\Java\jre1.8.0_51\lib\ext\QTJava.zip
PATH=C:\ProgramData\Oracle\Java\javapath;C:\Program Files (x86)\Intel\iCLS Client\;C:\Program Files\Intel\iCLS Client\;C:\WINDOWS\system32;C:\WINDOWS;C:\WINDOWS\System32\Wbem;C:\WINDOWS\System32\WindowsPowerShell\v1.0\;C:\Program Files\Intel\Intel(R) Management Engine Components\DAL;C:\Program Files\Intel\Intel(R) Management Engine Components\IPT;C:\Program Files (x86)\Intel\Intel(R) Management Engine Components\DAL;C:\Program Files (x86)\Intel\Intel(R) Management Engine Components\IPT;C:\Program Files (x86)\Skype\Phone\;C:\Program Files (x86)\QuickTime\QTSystem\;C:\Program Files\Microsoft SQL Server\120\Tools\Binn\;C:\Program Files (x86)\Windows Kits\8.1\Windows Performance Toolkit\;C:\Program Files\Microsoft SQL Server\110\Tools\Binn\;C:\Program Files (x86)\Microsoft SDKs\TypeScript\1.0\;E:\ndk;C:\Program Files\MATLAB\R2015b\bin;C:\Program Files (x86)\GtkSharp\2.12\bin;C:\Program Files\Java\jdk1.8.0_45\bin;C:\OpenSSL-Win64\bin
USERNAME=Erald.Kerluku
OS=Windows_NT
PROCESSOR_IDENTIFIER=Intel64 Family 6 Model 60 Stepping 3, GenuineIntel



---------------  S Y S T E M  ---------------

OS: Windows 10.0 , 64 bit Build 10586 (10.0.10586.0)

CPU:total 4 (4 cores per cpu, 1 threads per core) family 6 model 60 stepping 3, cmov, cx8, fxsr, mmx, sse, sse2, sse3, ssse3, sse4.1, sse4.2, popcnt, avx, avx2, aes, clmul, erms, lzcnt, tsc, tscinvbit, bmi1, bmi2

Memory: 4k page, physical 16701340k(3797600k free), swap 16701340k(312656k free)

vm_info: Java HotSpot(TM) 64-Bit Server VM (25.45-b02) for windows-amd64 JRE (1.8.0_45-b14), built on Apr 10 2015 10:34:15 by "java_re" with MS VC++ 10.0 (VS2010)

time: Fri Jun 03 11:44:19 2016
elapsed time: 0 seconds (0d 0h 0m 0s)

