#
# There is insufficient memory for the Java Runtime Environment to continue.
# Native memory allocation (malloc) failed to allocate 138816 bytes for Chunk::new
# Possible reasons:
#   The system is out of physical RAM or swap space
#   In 32 bit mode, the process size limit was hit
# Possible solutions:
#   Reduce memory load on the system
#   Increase physical memory or swap space
#   Check if swap backing store is full
#   Use 64 bit Java on a 64 bit OS
#   Decrease Java heap size (-Xmx/-Xms)
#   Decrease number of Java threads
#   Decrease Java thread stack sizes (-Xss)
#   Set larger code cache with -XX:ReservedCodeCacheSize=
# This output file may be truncated or incomplete.
#
#  Out of Memory Error (allocation.cpp:390), pid=4536, tid=4944
#
# JRE version: Java(TM) SE Runtime Environment (8.0_45-b14) (build 1.8.0_45-b14)
# Java VM: Java HotSpot(TM) 64-Bit Server VM (25.45-b02 mixed mode windows-amd64 compressed oops)
# Failed to write core dump. Minidumps are not enabled by default on client versions of Windows
#

---------------  T H R E A D  ---------------

Current thread (0x000000001513f800):  JavaThread "C2 CompilerThread0" daemon [_thread_in_native, id=4944, stack(0x00000000166f0000,0x00000000167f0000)]

Stack: [0x00000000166f0000,0x00000000167f0000]
Native frames: (J=compiled Java code, j=interpreted, Vv=VM code, C=native code)
V  [jvm.dll+0x32b57a]


Current CompileTask:
C2:  28271 2376       4       com.android.dx.ssa.ConstCollector::getConstsSortedByCountUse (386 bytes)


---------------  P R O C E S S  ---------------

Java Threads: ( => current thread )
  0x0000000016ae7000 JavaThread "pool-1-thread-4" [_thread_blocked, id=6220, stack(0x0000000016c10000,0x0000000016d10000)]
  0x0000000017381000 JavaThread "pool-1-thread-3" [_thread_blocked, id=3392, stack(0x0000000018090000,0x0000000018190000)]
  0x0000000017405800 JavaThread "pool-1-thread-2" [_thread_blocked, id=8344, stack(0x0000000017e90000,0x0000000017f90000)]
  0x00000000173c7000 JavaThread "pool-2-thread-1" [_thread_blocked, id=4680, stack(0x00000000165c0000,0x00000000166c0000)]
  0x00000000173c5800 JavaThread "pool-1-thread-1" [_thread_blocked, id=2684, stack(0x0000000017c70000,0x0000000017d70000)]
  0x000000001684c800 JavaThread "Service Thread" daemon [_thread_blocked, id=10012, stack(0x0000000017130000,0x0000000017230000)]
  0x0000000016848000 JavaThread "C1 CompilerThread2" daemon [_thread_blocked, id=1284, stack(0x0000000016f30000,0x0000000017030000)]
  0x0000000016846000 JavaThread "C2 CompilerThread1" daemon [_thread_in_native, id=5256, stack(0x0000000016d40000,0x0000000016e40000)]
=>0x000000001513f800 JavaThread "C2 CompilerThread0" daemon [_thread_in_native, id=4944, stack(0x00000000166f0000,0x00000000167f0000)]
  0x000000001514f000 JavaThread "Attach Listener" daemon [_thread_blocked, id=8456, stack(0x0000000015f30000,0x0000000016030000)]
  0x000000001514d800 JavaThread "Signal Dispatcher" daemon [_thread_blocked, id=2712, stack(0x00000000164c0000,0x00000000165c0000)]
  0x00000000150e7000 JavaThread "Finalizer" daemon [_thread_blocked, id=9044, stack(0x0000000016340000,0x0000000016440000)]
  0x00000000150e0000 JavaThread "Reference Handler" daemon [_thread_blocked, id=6404, stack(0x0000000016230000,0x0000000016330000)]
  0x000000000040f800 JavaThread "main" [_thread_blocked, id=2308, stack(0x0000000002330000,0x0000000002430000)]

Other Threads:
  0x00000000150dc800 VMThread [stack: 0x0000000016100000,0x0000000016200000] [id=8796]
  0x0000000016850000 WatcherThread [stack: 0x0000000017270000,0x0000000017370000] [id=7788]

VM state:not at safepoint (normal execution)

VM Mutex/Monitor currently owned by a thread: None

Heap:
 PSYoungGen      total 272896K, used 85387K [0x00000000eab00000, 0x00000000fc000000, 0x0000000100000000)
  eden space 262144K, 28% used [0x00000000eab00000,0x00000000ef3e34a0,0x00000000fab00000)
  from space 10752K, 99% used [0x00000000fb580000,0x00000000fbfff9e0,0x00000000fc000000)
  to   space 10752K, 0% used [0x00000000fab00000,0x00000000fab00000,0x00000000fb580000)
 ParOldGen       total 175104K, used 46957K [0x00000000c0000000, 0x00000000cab00000, 0x00000000eab00000)
  object space 175104K, 26% used [0x00000000c0000000,0x00000000c2ddb660,0x00000000cab00000)
 Metaspace       used 6467K, capacity 7256K, committed 7424K, reserved 1056768K
  class space    used 616K, capacity 656K, committed 768K, reserved 1048576K

Card table byte_map: [0x0000000011ac0000,0x0000000011cd0000] byte_map_base: 0x00000000114c0000

Marking Bits: (ParMarkBitMap*) 0x000000006fcd4040
 Begin Bits: [0x0000000012550000, 0x0000000013550000)
 End Bits:   [0x0000000013550000, 0x0000000014550000)

Polling page: 0x0000000000330000

CodeCache: size=245760Kb used=11696Kb max_used=12771Kb free=234063Kb
 bounds [0x0000000002700000, 0x00000000033a0000, 0x0000000011700000]
 total_blobs=2356 nmethods=2086 adapters=182
 compilation: enabled

Compilation events (10 events):
Event: 28.224 Thread 0x0000000016848000 2381       3       java.util.DualPivotQuicksort::sort (614 bytes)
Event: 28.225 Thread 0x0000000016846000 nmethod 2379 0x0000000002818910 code [0x0000000002818a60, 0x0000000002818c88]
Event: 28.226 Thread 0x0000000016848000 nmethod 2381 0x0000000002814450 code [0x0000000002814700, 0x0000000002815b38]
Event: 28.226 Thread 0x0000000016846000 2380       4       com.android.dx.ssa.MoveParamCombiner::run (45 bytes)
Event: 28.229 Thread 0x0000000016846000 nmethod 2380 0x00000000028fee10 code [0x00000000028fefa0, 0x00000000028ff2d8]
Event: 28.230 Thread 0x0000000016848000 2382       3       com.android.dx.ssa.back.FirstFitLocalCombiningAllocator::fitPlanForRange (250 bytes)
Event: 28.231 Thread 0x0000000016848000 nmethod 2382 0x0000000002932f90 code [0x0000000002933300, 0x0000000002935398]
Event: 28.234 Thread 0x0000000016846000 2383       4       com.android.dx.rop.code.Rop::<init> (15 bytes)
Event: 28.235 Thread 0x0000000016846000 nmethod 2383 0x00000000029416d0 code [0x0000000002941820, 0x0000000002941918]
Event: 28.268 Thread 0x0000000016846000 2384       4       com.android.dx.ssa.ConstCollector::run (236 bytes)

GC Heap History (8 events):
Event: 3.864 GC heap before
{Heap before GC invocations=1 (full 0):
 PSYoungGen      total 76288K, used 65536K [0x00000000eab00000, 0x00000000f0000000, 0x0000000100000000)
  eden space 65536K, 100% used [0x00000000eab00000,0x00000000eeb00000,0x00000000eeb00000)
  from space 10752K, 0% used [0x00000000ef580000,0x00000000ef580000,0x00000000f0000000)
  to   space 10752K, 0% used [0x00000000eeb00000,0x00000000eeb00000,0x00000000ef580000)
 ParOldGen       total 175104K, used 0K [0x00000000c0000000, 0x00000000cab00000, 0x00000000eab00000)
  object space 175104K, 0% used [0x00000000c0000000,0x00000000c0000000,0x00000000cab00000)
 Metaspace       used 6106K, capacity 7024K, committed 7296K, reserved 1056768K
  class space    used 593K, capacity 616K, committed 640K, reserved 1048576K
Event: 4.073 GC heap after
Heap after GC invocations=1 (full 0):
 PSYoungGen      total 76288K, used 9120K [0x00000000eab00000, 0x00000000f4000000, 0x0000000100000000)
  eden space 65536K, 0% used [0x00000000eab00000,0x00000000eab00000,0x00000000eeb00000)
  from space 10752K, 84% used [0x00000000eeb00000,0x00000000ef3e81d0,0x00000000ef580000)
  to   space 10752K, 0% used [0x00000000f3580000,0x00000000f3580000,0x00000000f4000000)
 ParOldGen       total 175104K, used 16K [0x00000000c0000000, 0x00000000cab00000, 0x00000000eab00000)
  object space 175104K, 0% used [0x00000000c0000000,0x00000000c0004000,0x00000000cab00000)
 Metaspace       used 6106K, capacity 7024K, committed 7296K, reserved 1056768K
  class space    used 593K, capacity 616K, committed 640K, reserved 1048576K
}
Event: 9.237 GC heap before
{Heap before GC invocations=2 (full 0):
 PSYoungGen      total 76288K, used 74656K [0x00000000eab00000, 0x00000000f4000000, 0x0000000100000000)
  eden space 65536K, 100% used [0x00000000eab00000,0x00000000eeb00000,0x00000000eeb00000)
  from space 10752K, 84% used [0x00000000eeb00000,0x00000000ef3e81d0,0x00000000ef580000)
  to   space 10752K, 0% used [0x00000000f3580000,0x00000000f3580000,0x00000000f4000000)
 ParOldGen       total 175104K, used 16K [0x00000000c0000000, 0x00000000cab00000, 0x00000000eab00000)
  object space 175104K, 0% used [0x00000000c0000000,0x00000000c0004000,0x00000000cab00000)
 Metaspace       used 6226K, capacity 7088K, committed 7296K, reserved 1056768K
  class space    used 595K, capacity 616K, committed 640K, reserved 1048576K
Event: 9.262 GC heap after
Heap after GC invocations=2 (full 0):
 PSYoungGen      total 141824K, used 10751K [0x00000000eab00000, 0x00000000f4000000, 0x0000000100000000)
  eden space 131072K, 0% used [0x00000000eab00000,0x00000000eab00000,0x00000000f2b00000)
  from space 10752K, 99% used [0x00000000f3580000,0x00000000f3fffdd8,0x00000000f4000000)
  to   space 10752K, 0% used [0x00000000f2b00000,0x00000000f2b00000,0x00000000f3580000)
 ParOldGen       total 175104K, used 6201K [0x00000000c0000000, 0x00000000cab00000, 0x00000000eab00000)
  object space 175104K, 3% used [0x00000000c0000000,0x00000000c060e608,0x00000000cab00000)
 Metaspace       used 6226K, capacity 7088K, committed 7296K, reserved 1056768K
  class space    used 595K, capacity 616K, committed 640K, reserved 1048576K
}
Event: 17.431 GC heap before
{Heap before GC invocations=3 (full 0):
 PSYoungGen      total 141824K, used 141823K [0x00000000eab00000, 0x00000000f4000000, 0x0000000100000000)
  eden space 131072K, 100% used [0x00000000eab00000,0x00000000f2b00000,0x00000000f2b00000)
  from space 10752K, 99% used [0x00000000f3580000,0x00000000f3fffdd8,0x00000000f4000000)
  to   space 10752K, 0% used [0x00000000f2b00000,0x00000000f2b00000,0x00000000f3580000)
 ParOldGen       total 175104K, used 6201K [0x00000000c0000000, 0x00000000cab00000, 0x00000000eab00000)
  object space 175104K, 3% used [0x00000000c0000000,0x00000000c060e608,0x00000000cab00000)
 Metaspace       used 6345K, capacity 7216K, committed 7296K, reserved 1056768K
  class space    used 595K, capacity 616K, committed 640K, reserved 1048576K
Event: 17.490 GC heap after
Heap after GC invocations=3 (full 0):
 PSYoungGen      total 141824K, used 10750K [0x00000000eab00000, 0x00000000fc000000, 0x0000000100000000)
  eden space 131072K, 0% used [0x00000000eab00000,0x00000000eab00000,0x00000000f2b00000)
  from space 10752K, 99% used [0x00000000f2b00000,0x00000000f357fb38,0x00000000f3580000)
  to   space 10752K, 0% used [0x00000000fb580000,0x00000000fb580000,0x00000000fc000000)
 ParOldGen       total 175104K, used 27206K [0x00000000c0000000, 0x00000000cab00000, 0x00000000eab00000)
  object space 175104K, 15% used [0x00000000c0000000,0x00000000c1a919a8,0x00000000cab00000)
 Metaspace       used 6345K, capacity 7216K, committed 7296K, reserved 1056768K
  class space    used 595K, capacity 616K, committed 640K, reserved 1048576K
}
Event: 23.036 GC heap before
{Heap before GC invocations=4 (full 0):
 PSYoungGen      total 141824K, used 141822K [0x00000000eab00000, 0x00000000fc000000, 0x0000000100000000)
  eden space 131072K, 100% used [0x00000000eab00000,0x00000000f2b00000,0x00000000f2b00000)
  from space 10752K, 99% used [0x00000000f2b00000,0x00000000f357fb38,0x00000000f3580000)
  to   space 10752K, 0% used [0x00000000fb580000,0x00000000fb580000,0x00000000fc000000)
 ParOldGen       total 175104K, used 27206K [0x00000000c0000000, 0x00000000cab00000, 0x00000000eab00000)
  object space 175104K, 15% used [0x00000000c0000000,0x00000000c1a919a8,0x00000000cab00000)
 Metaspace       used 6456K, capacity 7256K, committed 7424K, reserved 1056768K
  class space    used 615K, capacity 656K, committed 768K, reserved 1048576K
Event: 23.199 GC heap after
Heap after GC invocations=4 (full 0):
 PSYoungGen      total 272896K, used 10750K [0x00000000eab00000, 0x00000000fc000000, 0x0000000100000000)
  eden space 262144K, 0% used [0x00000000eab00000,0x00000000eab00000,0x00000000fab00000)
  from space 10752K, 99% used [0x00000000fb580000,0x00000000fbfff9e0,0x00000000fc000000)
  to   space 10752K, 0% used [0x00000000fab00000,0x00000000fab00000,0x00000000fb580000)
 ParOldGen       total 175104K, used 46957K [0x00000000c0000000, 0x00000000cab00000, 0x00000000eab00000)
  object space 175104K, 26% used [0x00000000c0000000,0x00000000c2ddb660,0x00000000cab00000)
 Metaspace       used 6456K, capacity 7256K, committed 7424K, reserved 1056768K
  class space    used 615K, capacity 656K, committed 768K, reserved 1048576K
}

Deoptimization events (10 events):
Event: 20.668 Thread 0x00000000173c5800 Uncommon trap: reason=bimorphic action=maybe_recompile pc=0x00000000032c0620 method=com.android.dx.cf.code.BytecodeArray.parseInstruction(ILcom/android/dx/cf/code/BytecodeArray$Visitor;)I @ 971
Event: 20.668 Thread 0x00000000173c5800 Uncommon trap: reason=bimorphic action=maybe_recompile pc=0x00000000032c0620 method=com.android.dx.cf.code.BytecodeArray.parseInstruction(ILcom/android/dx/cf/code/BytecodeArray$Visitor;)I @ 971
Event: 21.652 Thread 0x0000000017381000 Uncommon trap: reason=bimorphic action=maybe_recompile pc=0x00000000033107fc method=com.android.dx.cf.code.BytecodeArray.parseInstruction(ILcom/android/dx/cf/code/BytecodeArray$Visitor;)I @ 1287
Event: 21.652 Thread 0x0000000017381000 Uncommon trap: reason=bimorphic action=maybe_recompile pc=0x00000000033107fc method=com.android.dx.cf.code.BytecodeArray.parseInstruction(ILcom/android/dx/cf/code/BytecodeArray$Visitor;)I @ 1287
Event: 22.994 Thread 0x00000000173c5800 Uncommon trap: reason=unstable_if action=reinterpret pc=0x0000000003122404 method=java.util.HashMap.putVal(ILjava/lang/Object;Ljava/lang/Object;ZZ)Ljava/lang/Object; @ 162
Event: 23.204 Thread 0x0000000017405800 Uncommon trap: reason=bimorphic action=maybe_recompile pc=0x0000000003330214 method=com.android.dx.cf.code.BytecodeArray.parseInstruction(ILcom/android/dx/cf/code/BytecodeArray$Visitor;)I @ 1035
Event: 23.204 Thread 0x0000000017405800 Uncommon trap: reason=bimorphic action=maybe_recompile pc=0x00000000033300c4 method=com.android.dx.cf.code.BytecodeArray.parseInstruction(ILcom/android/dx/cf/code/BytecodeArray$Visitor;)I @ 987
Event: 23.204 Thread 0x0000000017405800 Uncommon trap: reason=bimorphic action=maybe_recompile pc=0x00000000033302a0 method=com.android.dx.cf.code.BytecodeArray.parseInstruction(ILcom/android/dx/cf/code/BytecodeArray$Visitor;)I @ 1051
Event: 23.204 Thread 0x0000000017405800 Uncommon trap: reason=bimorphic action=maybe_recompile pc=0x00000000033302a0 method=com.android.dx.cf.code.BytecodeArray.parseInstruction(ILcom/android/dx/cf/code/BytecodeArray$Visitor;)I @ 1051
Event: 24.269 Thread 0x000000000040f800 Uncommon trap: reason=unstable_if action=reinterpret pc=0x000000000313a670 method=com.android.dx.cf.direct.StdAttributeFactory.parse0(Lcom/android/dx/cf/direct/DirectClassFile;ILjava/lang/String;IILcom/android/dx/cf/iface/ParseObserver;)Lcom/android/dx/cf/¯B³’«4@

Internal exceptions (7 events):
Event: 0.057 Thread 0x000000000040f800 Exception <a 'java/lang/NoSuchMethodError': Method sun.misc.Unsafe.defineClass(Ljava/lang/String;[BII)Ljava/lang/Class; name or signature does not match> (0x00000000eab0d8a8) thrown at [C:\re\workspace\8-2-build-windows-amd64-cygwin\jdk8u45\3457\hotspot\sraîß	>­?
Event: 0.057 Thread 0x000000000040f800 Exception <a 'java/lang/NoSuchMethodError': Method sun.misc.Unsafe.prefetchRead(Ljava/lang/Object;J)V name or signature does not match> (0x00000000eab0db38) thrown at [C:\re\workspace\8-2-build-windows-amd64-cygwin\jdk8u45\3457\hotspot\src\share\vm\prims\jºØ13,@
Event: 2.883 Thread 0x0000000017405800 Implicit null exception at 0x0000000002ad3a92 to 0x0000000002ad3b95
Event: 14.727 Thread 0x0000000017381000 Implicit null exception at 0x0000000002c5e0e3 to 0x0000000002c5f829
Event: 18.719 Thread 0x00000000173c5800 Exception <a 'java/lang/ArrayIndexOutOfBoundsException': 18> (0x00000000ed28a5c8) thrown at [C:\re\workspace\8-2-build-windows-amd64-cygwin\jdk8u45\3457\hotspot\src\share\vm\interpreter\interpreterRuntime.cpp, line 366]
Event: 18.720 Thread 0x00000000173c5800 Exception <a 'java/lang/ArrayIndexOutOfBoundsException'> (0x00000000ed28c098) thrown at [C:\re\workspace\8-2-build-windows-amd64-cygwin\jdk8u45\3457\hotspot\src\share\vm\runtime\sharedRuntime.cpp, line 605]
Event: 18.720 Thread 0x00000000173c5800 Exception <a 'java/lang/ArrayIndexOutOfBoundsException'> (0x00000000ed28d2d0) thrown at [C:\re\workspace\8-2-build-windows-amd64-cygwin\jdk8u45\3457\hotspot\src\share\vm\runtime\sharedRuntime.cpp, line 605]

Events (10 events):
Event: 28.235 Thread 0x0000000016846000 flushing nmethod 0x0000000002a56790
Event: 28.235 Thread 0x0000000016846000 flushing nmethod 0x0000000002a575d0
Event: 28.235 Thread 0x0000000016846000 flushing nmethod 0x0000000002a58e50
Event: 28.235 Thread 0x0000000016846000 flushing nmethod 0x0000000002a595d0
Event: 28.235 Thread 0x0000000016846000 flushing nmethod 0x0000000002a59ed0
Event: 28.235 Thread 0x0000000016846000 flushing nmethod 0x0000000002a5a290
Event: 28.235 Thread 0x0000000016846000 flushing nmethod 0x0000000002a5a990
Event: 28.235 Thread 0x0000000016846000 flushing nmethod 0x0000000002a5af90
Event: 28.235 Thread 0x0000000016846000 flushing nmethod 0x0000000002a5c450
Event: 28.235 Thread 0x0000000016846000 flushing nmethod 0x0000000002a5cb10


Dynamic libraries:
0x000000013fa00000 - 0x000000013fa37000 	C:\Program Files\Java\jdk1.8.0_45\bin\java.exe
0x0000000076d30000 - 0x0000000076ed9000 	C:\Windows\SYSTEM32\ntdll.dll
0x0000000076c10000 - 0x0000000076d2f000 	C:\Windows\system32\kernel32.dll
0x000007fefcb10000 - 0x000007fefcb7c000 	C:\Windows\system32\KERNELBASE.dll
0x000007fefec10000 - 0x000007fefeceb000 	C:\Windows\system32\ADVAPI32.dll
0x000007fefcfd0000 - 0x000007fefd06f000 	C:\Windows\system32\msvcrt.dll
0x000007fefd070000 - 0x000007fefd08f000 	C:\Windows\SYSTEM32\sechost.dll
0x000007fefd3d0000 - 0x000007fefd4fd000 	C:\Windows\system32\RPCRT4.dll
0x0000000076b10000 - 0x0000000076c0a000 	C:\Windows\system32\USER32.dll
0x000007fefea10000 - 0x000007fefea77000 	C:\Windows\system32\GDI32.dll
0x000007fefdae0000 - 0x000007fefdaee000 	C:\Windows\system32\LPK.dll
0x000007fefea80000 - 0x000007fefeb4a000 	C:\Windows\system32\USP10.dll
0x000007fefb6c0000 - 0x000007fefb8b4000 	C:\Windows\WinSxS\amd64_microsoft.windows.common-controls_6595b64144ccf1df_6.0.7601.18837_none_fa3b1e3d17594757\COMCTL32.dll
0x000007fefefc0000 - 0x000007feff031000 	C:\Windows\system32\SHLWAPI.dll
0x000007fefce90000 - 0x000007fefcebe000 	C:\Windows\system32\IMM32.DLL
0x000007fefcec0000 - 0x000007fefcfc9000 	C:\Windows\system32\MSCTF.dll
0x0000000054230000 - 0x0000000054302000 	C:\Program Files\Java\jdk1.8.0_45\jre\bin\msvcr100.dll
0x000000006f4d0000 - 0x000000006fd53000 	C:\Program Files\Java\jdk1.8.0_45\jre\bin\server\jvm.dll
0x000007fefab00000 - 0x000007fefab09000 	C:\Windows\system32\WSOCK32.dll
0x000007fefd380000 - 0x000007fefd3cd000 	C:\Windows\system32\WS2_32.dll
0x000007fefe900000 - 0x000007fefe908000 	C:\Windows\system32\NSI.dll
0x000007fefa760000 - 0x000007fefa79b000 	C:\Windows\system32\WINMM.dll
0x000007fefbbb0000 - 0x000007fefbbbc000 	C:\Windows\system32\VERSION.dll
0x0000000076ef0000 - 0x0000000076ef7000 	C:\Windows\system32\PSAPI.DLL
0x0000000052660000 - 0x000000005266f000 	C:\Program Files\Java\jdk1.8.0_45\jre\bin\verify.dll
0x0000000052630000 - 0x0000000052659000 	C:\Program Files\Java\jdk1.8.0_45\jre\bin\java.dll
0x0000000051af0000 - 0x0000000051b06000 	C:\Program Files\Java\jdk1.8.0_45\jre\bin\zip.dll
0x000007fefdaf0000 - 0x000007fefe879000 	C:\Windows\system32\SHELL32.dll
0x000007fefd090000 - 0x000007fefd293000 	C:\Windows\system32\ole32.dll
0x000007fefcae0000 - 0x000007fefcaef000 	C:\Windows\system32\profapi.dll

VM Arguments:
jvm_args: -Djava.awt.headless=true -Xmx1024M -Dfile.encoding=windows-1252 -Duser.country=US -Duser.language=en -Duser.variant 
java_command: com.android.dx.command.Main --dex --num-threads=4 --output C:\Users\erald.kerluku\AndroidStudioProjects\SpeedTaxi\app\build\intermediates\pre-dexed\debug\com.android.support-support-v4-23.1.1_89ce2ead6f190dc7f3bd8ffafecc846d85b4a4c0.jar C:\Users\erald.kerluku\AndroidStudioProjects\SpeedTaxi\app\build\intermediates\exploded-aar\com.android.support\support-v4\23.1.1\jars\classes.jar
java_class_path (initial): C:\Users\erald.kerluku\AppData\Local\Android\sdk\build-tools\23.0.2\lib\dx.jar
Launcher Type: SUN_STANDARD

Environment Variables:
CLASSPATH=.;C:\Program Files (x86)\Java\jre1.8.0_51\lib\ext\QTJava.zip
PATH=C:\ProgramData\Oracle\Java\javapath;C:\Program Files (x86)\Intel\iCLS Client\;C:\Program Files\Intel\iCLS Client\;C:\Windows\system32;C:\Windows;C:\Windows\System32\Wbem;C:\Windows\System32\WindowsPowerShell\v1.0\;C:\Program Files\Intel\Intel(R) Management Engine Components\DAL;C:\Program Files\Intel\Intel(R) Management Engine Components\IPT;C:\Program Files (x86)\Intel\Intel(R) Management Engine Components\DAL;C:\Program Files (x86)\Intel\Intel(R) Management Engine Components\IPT;C:\Program Files (x86)\Skype\Phone\;C:\Program Files (x86)\QuickTime\QTSystem\;C:\Program Files\Microsoft SQL Server\120\Tools\Binn\;C:\Program Files (x86)\Windows Kits\8.1\Windows Performance Toolkit\;C:\Program Files\Microsoft SQL Server\110\Tools\Binn\;C:\Program Files (x86)\Microsoft SDKs\TypeScript\1.0\;E:\ndk;C:\Program Files\MATLAB\R2015b\bin;C:\Program Files (x86)\GtkSharp\2.12\bin
USERNAME=Erald.Kerluku
OS=Windows_NT
PROCESSOR_IDENTIFIER=Intel64 Family 6 Model 60 Stepping 3, GenuineIntel



---------------  S Y S T E M  ---------------

OS: Windows 7 , 64 bit Build 7601 (6.1.7601.19110)

CPU:total 4 (4 cores per cpu, 1 threads per core) family 6 model 60 stepping 3, cmov, cx8, fxsr, mmx, sse, sse2, sse3, ssse3, sse4.1, sse4.2, popcnt, avx, avx2, aes, clmul, erms, rtm, lzcnt, tsc, tscinvbit, bmi1, bmi2

Memory: 4k page, physical 16701344k(2779124k free), swap 16699508k(454156k free)

vm_info: Java HotSpot(TM) 64-Bit Server VM (25.45-b02) for windows-amd64 JRE (1.8.0_45-b14), built on Apr 10 2015 10:34:15 by "java_re" with MS VC++ 10.0 (VS2010)

time: Mon Feb 01 18:54:09 2016
elapsed time: 28 seconds (0d 0h 0m 28s)

